Using pre-set license
Built from '2022.3/staging' branch; Version is '2022.3.9f1 (ea401c316338) revision 15351836'; Using compiler version '192829333'; Build Type 'Release'
OS: 'Windows 10  (10.0.19045) 64bit Core' Language: 'ru' Physical Memory: 8130 MB
BatchMode: 1, IsHumanControllingUs: 0, StartBugReporterOnCrash: 0, Is64bit: 1, IsPro: 1

COMMAND LINE ARGUMENTS:
D:\Unity\Unity 2022.3.9f1\Editor\Unity.exe
-adb2
-batchMode
-noUpm
-name
AssetImportWorker1
-projectPath
D:/GitProjects/GGJ2024/GGJ 2024
-logFile
Logs/AssetImportWorker1.log
-srvPort
56872
Successfully changed project path to: D:/GitProjects/GGJ2024/GGJ 2024
D:/GitProjects/GGJ2024/GGJ 2024
[UnityMemory] Configuration Parameters - Can be set up in boot.config
    "memorysetup-bucket-allocator-granularity=16"
    "memorysetup-bucket-allocator-bucket-count=8"
    "memorysetup-bucket-allocator-block-size=33554432"
    "memorysetup-bucket-allocator-block-count=8"
    "memorysetup-main-allocator-block-size=16777216"
    "memorysetup-thread-allocator-block-size=16777216"
    "memorysetup-gfx-main-allocator-block-size=16777216"
    "memorysetup-gfx-thread-allocator-block-size=16777216"
    "memorysetup-cache-allocator-block-size=4194304"
    "memorysetup-typetree-allocator-block-size=2097152"
    "memorysetup-profiler-bucket-allocator-granularity=16"
    "memorysetup-profiler-bucket-allocator-bucket-count=8"
    "memorysetup-profiler-bucket-allocator-block-size=33554432"
    "memorysetup-profiler-bucket-allocator-block-count=8"
    "memorysetup-profiler-allocator-block-size=16777216"
    "memorysetup-profiler-editor-allocator-block-size=1048576"
    "memorysetup-temp-allocator-size-main=16777216"
    "memorysetup-job-temp-allocator-block-size=2097152"
    "memorysetup-job-temp-allocator-block-size-background=1048576"
    "memorysetup-job-temp-allocator-reduction-small-platforms=262144"
    "memorysetup-allocator-temp-initial-block-size-main=262144"
    "memorysetup-allocator-temp-initial-block-size-worker=262144"
    "memorysetup-temp-allocator-size-background-worker=32768"
    "memorysetup-temp-allocator-size-job-worker=262144"
    "memorysetup-temp-allocator-size-preload-manager=33554432"
    "memorysetup-temp-allocator-size-nav-mesh-worker=65536"
    "memorysetup-temp-allocator-size-audio-worker=65536"
    "memorysetup-temp-allocator-size-cloud-worker=32768"
    "memorysetup-temp-allocator-size-gi-baking-worker=262144"
    "memorysetup-temp-allocator-size-gfx=262144"
Player connection [1084] Host "[IP] 26.159.216.67 [Port] 0 [Flags] 2 [Guid] 3135482971 [EditorId] 3135482971 [Version] 1048832 [Id] WindowsEditor(7,Isudzaki) [Debug] 1 [PackageName] WindowsEditor [ProjectName] Editor" joined multi-casting on [225.0.0.222:54997]...

Player connection [1084] Host "[IP] 26.159.216.67 [Port] 0 [Flags] 2 [Guid] 3135482971 [EditorId] 3135482971 [Version] 1048832 [Id] WindowsEditor(7,Isudzaki) [Debug] 1 [PackageName] WindowsEditor [ProjectName] Editor" joined alternative multi-casting on [225.0.0.222:34997]...

[Physics::Module] Initialized MultithreadedJobDispatcher with 7 workers.
Refreshing native plugins compatible for Editor in 20.41 ms, found 3 plugins.
Preloading 0 native plugins for Editor in 0.00 ms.
Initialize engine version: 2022.3.9f1 (ea401c316338)
[Subsystems] Discovering subsystems at path D:/Unity/Unity 2022.3.9f1/Editor/Data/Resources/UnitySubsystems
[Subsystems] Discovering subsystems at path D:/GitProjects/GGJ2024/GGJ 2024/Assets
GfxDevice: creating device client; threaded=0; jobified=0
Direct3D:
    Version:  Direct3D 11.0 [level 11.1]
    Renderer: NVIDIA GeForce GTX 970M (ID=0x1618)
    Vendor:   NVIDIA
    VRAM:     3024 MB
    Driver:   31.0.15.4629
Initialize mono
Mono path[0] = 'D:/Unity/Unity 2022.3.9f1/Editor/Data/Managed'
Mono path[1] = 'D:/Unity/Unity 2022.3.9f1/Editor/Data/MonoBleedingEdge/lib/mono/unityjit-win32'
Mono config path = 'D:/Unity/Unity 2022.3.9f1/Editor/Data/MonoBleedingEdge/etc'
Using monoOptions --debugger-agent=transport=dt_socket,embedding=1,server=y,suspend=n,address=127.0.0.1:56328
Begin MonoManager ReloadAssembly
Registering precompiled unity dll's ...
Register platform support module: D:/Unity/Unity 2022.3.9f1/Editor/Data/PlaybackEngines/AndroidPlayer/UnityEditor.Android.Extensions.dll
Register platform support module: D:/Unity/Unity 2022.3.9f1/Editor/Data/PlaybackEngines/WindowsStandaloneSupport/UnityEditor.WindowsStandalone.Extensions.dll
Registered in 0.010058 seconds.
- Loaded All Assemblies, in  0.652 seconds
Native extension for WindowsStandalone target not found
Native extension for Android target not found
Mono: successfully reloaded assembly
- Finished resetting the current domain, in  0.500 seconds
Domain Reload Profiling: 1151ms
	BeginReloadAssembly (206ms)
		ExecutionOrderSort (0ms)
		DisableScriptedObjects (0ms)
		BackupInstance (0ms)
		ReleaseScriptingObjects (0ms)
		CreateAndSetChildDomain (2ms)
	RebuildCommonClasses (70ms)
	RebuildNativeTypeToScriptingClass (19ms)
	initialDomainReloadingComplete (92ms)
	LoadAllAssembliesAndSetupDomain (263ms)
		LoadAssemblies (205ms)
		RebuildTransferFunctionScriptingTraits (0ms)
		AnalyzeDomain (258ms)
			TypeCache.Refresh (256ms)
				TypeCache.ScanAssembly (234ms)
			ScanForSourceGeneratedMonoScriptInfo (1ms)
			ResolveRequiredComponents (1ms)
	FinalizeReload (501ms)
		ReleaseScriptCaches (0ms)
		RebuildScriptCaches (0ms)
		SetupLoadedEditorAssemblies (412ms)
			LogAssemblyErrors (0ms)
			InitializePlatformSupportModulesInManaged (165ms)
			SetLoadedEditorAssemblies (7ms)
			RefreshPlugins (0ms)
			BeforeProcessingInitializeOnLoad (4ms)
			ProcessInitializeOnLoadAttributes (157ms)
			ProcessInitializeOnLoadMethodAttributes (79ms)
			AfterProcessingInitializeOnLoad (0ms)
			EditorAssembliesLoaded (0ms)
		ExecutionOrderSort2 (0ms)
		AwakeInstancesAfterBackupRestoration (0ms)
========================================================================
Worker process is ready to serve import requests
Begin MonoManager ReloadAssembly
- Loaded All Assemblies, in  1.200 seconds
Refreshing native plugins compatible for Editor in 3.98 ms, found 3 plugins.
Native extension for WindowsStandalone target not found
Native extension for Android target not found
Package Manager log level set to [2]
[Package Manager] Server::EnsureServerProcessIsRunning -- launch failed, reason: Unity was launched with the -noUpm command-line argument
[Package Manager] UpmClient::Send -- Unable to send message (not connected to UPM process).
[Package Manager] Cannot connect to Unity Package Manager local server
Mono: successfully reloaded assembly
- Finished resetting the current domain, in  1.632 seconds
Domain Reload Profiling: 2832ms
	BeginReloadAssembly (256ms)
		ExecutionOrderSort (0ms)
		DisableScriptedObjects (9ms)
		BackupInstance (0ms)
		ReleaseScriptingObjects (0ms)
		CreateAndSetChildDomain (36ms)
	RebuildCommonClasses (57ms)
	RebuildNativeTypeToScriptingClass (17ms)
	initialDomainReloadingComplete (55ms)
	LoadAllAssembliesAndSetupDomain (814ms)
		LoadAssemblies (597ms)
		RebuildTransferFunctionScriptingTraits (0ms)
		AnalyzeDomain (373ms)
			TypeCache.Refresh (291ms)
				TypeCache.ScanAssembly (263ms)
			ScanForSourceGeneratedMonoScriptInfo (45ms)
			ResolveRequiredComponents (36ms)
	FinalizeReload (1633ms)
		ReleaseScriptCaches (0ms)
		RebuildScriptCaches (0ms)
		SetupLoadedEditorAssemblies (1295ms)
			LogAssemblyErrors (0ms)
			InitializePlatformSupportModulesInManaged (40ms)
			SetLoadedEditorAssemblies (10ms)
			RefreshPlugins (0ms)
			BeforeProcessingInitializeOnLoad (197ms)
			ProcessInitializeOnLoadAttributes (948ms)
			ProcessInitializeOnLoadMethodAttributes (95ms)
			AfterProcessingInitializeOnLoad (5ms)
			EditorAssembliesLoaded (1ms)
		ExecutionOrderSort2 (0ms)
		AwakeInstancesAfterBackupRestoration (21ms)
Launched and connected shader compiler UnityShaderCompiler.exe after 0.13 seconds
Refreshing native plugins compatible for Editor in 4.61 ms, found 3 plugins.
Preloading 0 native plugins for Editor in 0.00 ms.
Unloading 5181 Unused Serialized files (Serialized files now loaded: 0)
Unloading 80 unused Assets / (423.5 KB). Loaded Objects now: 5649.
Memory consumption went from 207.0 MB to 206.6 MB.
Total: 6.123700 ms (FindLiveObjects: 0.614200 ms CreateObjectMapping: 0.604100 ms MarkObjects: 4.618400 ms  DeleteObjects: 0.285700 ms)

AssetImportParameters requested are different than current active one (requested -> active):
  custom:container-demuxer-ogg: 62fdf1f143b41e24485cea50d1cbac27 -> 
  custom:video-codec-MediaFoundation-h265: 746d11721c4dcdbdad8f713fa42b33f4 -> 
  custom:video-decoder-ogg-theora: a1e56fd34408186e4bbccfd4996cb3dc -> 
  custom:framework-win-MediaFoundation: 216162199b28c13a410421893ffa2e32 -> 
  custom:container-demuxer-webm: 4f35f7cbe854078d1ac9338744f61a02 -> 
  custom:container-muxer-webm: aa71ff27fc2769a1b78a27578f13a17b -> 
  custom:video-decoder-webm-vp8: 9c59270c3fd7afecdb556c50c9e8de78 -> 
  custom:AudioImporter_EditorPlatform: d09bf68614088b80899f8185d706f6e7 -> 
  custom:video-encoder-webm-vp8: eb34c28f22e8b96e1ab97ce403110664 -> 
  custom:audio-decoder-ogg-vorbis: bf7c407c2cedff20999df2af8eb42d56 -> 
  custom:audio-encoder-webm-vorbis: bf7c407c2cedff20999df2af8eb42d56 -> 
========================================================================
Received Import Request.
  Time since last request: 72620.683940 seconds.
  path: Assets/Simple FX Kit
  artifactKey: Guid(94ad07f11eae93b4cbd1455b2fef52fd) Importer(815301076,1909f56bfc062723c751e8b465ee728b)
Start importing Assets/Simple FX Kit using Guid(94ad07f11eae93b4cbd1455b2fef52fd) Importer(815301076,1909f56bfc062723c751e8b465ee728b)  -> (artifact id: 'c96f4c10f574d622193e684a9fec4480') in 0.099838 seconds
Number of updated asset objects reloaded before import = 0
Number of asset objects unloaded after import = 0
========================================================================
Received Prepare
Refreshing native plugins compatible for Editor in 40.59 ms, found 3 plugins.
Preloading 0 native plugins for Editor in 0.00 ms.
Unloading 3 Unused Serialized files (Serialized files now loaded: 0)
Unloading 3 unused Assets / (364.1 KB). Loaded Objects now: 5649.
Memory consumption went from 101.3 MB to 100.9 MB.
Total: 6.986300 ms (FindLiveObjects: 0.755500 ms CreateObjectMapping: 0.564900 ms MarkObjects: 5.557700 ms  DeleteObjects: 0.106600 ms)

Prepare: number of updated asset objects reloaded= 0
AssetImportParameters requested are different than current active one (requested -> active):
  custom:container-demuxer-ogg: 62fdf1f143b41e24485cea50d1cbac27 -> 
  custom:video-codec-MediaFoundation-h265: 746d11721c4dcdbdad8f713fa42b33f4 -> 
  custom:video-decoder-ogg-theora: a1e56fd34408186e4bbccfd4996cb3dc -> 
  custom:framework-win-MediaFoundation: 216162199b28c13a410421893ffa2e32 -> 
  custom:CustomObjectIndexerAttribute: a3ef5dd2817f97addfee359851a9dba5 -> 
  custom:container-demuxer-webm: 4f35f7cbe854078d1ac9338744f61a02 -> 
  custom:container-muxer-webm: aa71ff27fc2769a1b78a27578f13a17b -> 
  custom:video-decoder-webm-vp8: 9c59270c3fd7afecdb556c50c9e8de78 -> 
  custom:SearchIndexIgnoredProperties: e643bd26f0fe6173181afceb89e7c659 -> 
  custom:AudioImporter_EditorPlatform: d09bf68614088b80899f8185d706f6e7 -> 
  custom:video-encoder-webm-vp8: eb34c28f22e8b96e1ab97ce403110664 -> 
  custom:audio-decoder-ogg-vorbis: bf7c407c2cedff20999df2af8eb42d56 -> 
  custom:audio-encoder-webm-vorbis: bf7c407c2cedff20999df2af8eb42d56 -> 
========================================================================
Received Import Request.
  Time since last request: 430.939999 seconds.
  path: Assets/Models/Material.005.mat
  artifactKey: Guid(7e4429f84deb2c142b24c9ba0ab65f8e) Importer(815301076,1909f56bfc062723c751e8b465ee728b)
Start importing Assets/Models/Material.005.mat using Guid(7e4429f84deb2c142b24c9ba0ab65f8e) Importer(815301076,1909f56bfc062723c751e8b465ee728b)  -> (artifact id: '9e39729d116d33b844fa5cd49c56318e') in 0.498191 seconds
Number of updated asset objects reloaded before import = 0
Number of asset objects unloaded after import = 3
========================================================================
Received Import Request.
  Time since last request: 32.787507 seconds.
  path: Assets/Models/Material.005.mat
  artifactKey: Guid(7e4429f84deb2c142b24c9ba0ab65f8e) Importer(815301076,1909f56bfc062723c751e8b465ee728b)
Start importing Assets/Models/Material.005.mat using Guid(7e4429f84deb2c142b24c9ba0ab65f8e) Importer(815301076,1909f56bfc062723c751e8b465ee728b)  -> (artifact id: 'c6a6842a25b99b34b3b8c1e161ace009') in 0.021648 seconds
Number of updated asset objects reloaded before import = 0
Number of asset objects unloaded after import = 2
========================================================================
Received Import Request.
  Time since last request: 0.000029 seconds.
  path: Assets/Models/Material.010.mat
  artifactKey: Guid(fd773a5b9e8c0674295acec70f5728fc) Importer(815301076,1909f56bfc062723c751e8b465ee728b)
Start importing Assets/Models/Material.010.mat using Guid(fd773a5b9e8c0674295acec70f5728fc) Importer(815301076,1909f56bfc062723c751e8b465ee728b)  -> (artifact id: 'c2cb9cfdee5bdc0d35fe77788254d109') in 0.047423 seconds
Number of updated asset objects reloaded before import = 0
Number of asset objects unloaded after import = 2
========================================================================
Received Import Request.
  Time since last request: 0.000051 seconds.
  path: Assets/Models/Material.009.mat
  artifactKey: Guid(dc523d8dcde48ab4eb44f035e25e7830) Importer(815301076,1909f56bfc062723c751e8b465ee728b)
Start importing Assets/Models/Material.009.mat using Guid(dc523d8dcde48ab4eb44f035e25e7830) Importer(815301076,1909f56bfc062723c751e8b465ee728b)  -> (artifact id: '10bec12001a76966c56f05503c7d961e') in 0.018266 seconds
Number of updated asset objects reloaded before import = 0
Number of asset objects unloaded after import = 2
========================================================================
Received Import Request.
  Time since last request: 164.639738 seconds.
  path: Assets/Models/Material.005.mat
  artifactKey: Guid(7e4429f84deb2c142b24c9ba0ab65f8e) Importer(815301076,1909f56bfc062723c751e8b465ee728b)
Start importing Assets/Models/Material.005.mat using Guid(7e4429f84deb2c142b24c9ba0ab65f8e) Importer(815301076,1909f56bfc062723c751e8b465ee728b)  -> (artifact id: '1277b5c75bdcf6667f3eef45e0815859') in 0.020733 seconds
Number of updated asset objects reloaded before import = 0
Number of asset objects unloaded after import = 2
========================================================================
Received Import Request.
  Time since last request: 0.000032 seconds.
  path: Assets/Models/Material.010.mat
  artifactKey: Guid(fd773a5b9e8c0674295acec70f5728fc) Importer(815301076,1909f56bfc062723c751e8b465ee728b)
Start importing Assets/Models/Material.010.mat using Guid(fd773a5b9e8c0674295acec70f5728fc) Importer(815301076,1909f56bfc062723c751e8b465ee728b)  -> (artifact id: '86c1cf169a63aeebd111e23e8b69315c') in 0.035611 seconds
Number of updated asset objects reloaded before import = 0
Number of asset objects unloaded after import = 2
========================================================================
Received Import Request.
  Time since last request: 598.108273 seconds.
  path: Assets/Models/Material.002.mat
  artifactKey: Guid(b511494522fa28740948e0de80b0f615) Importer(815301076,1909f56bfc062723c751e8b465ee728b)
Start importing Assets/Models/Material.002.mat using Guid(b511494522fa28740948e0de80b0f615) Importer(815301076,1909f56bfc062723c751e8b465ee728b)  -> (artifact id: 'c3dfdea8b73bf64f16607adeeeddbbaa') in 0.028129 seconds
Number of updated asset objects reloaded before import = 0
Number of asset objects unloaded after import = 2
========================================================================
Received Import Request.
  Time since last request: 0.000066 seconds.
  path: Assets/Models/Material.004.mat
  artifactKey: Guid(bd186df3eba2e0d43887fd7fd78b7c5c) Importer(815301076,1909f56bfc062723c751e8b465ee728b)
Start importing Assets/Models/Material.004.mat using Guid(bd186df3eba2e0d43887fd7fd78b7c5c) Importer(815301076,1909f56bfc062723c751e8b465ee728b)  -> (artifact id: 'f1850a2e992e28cd9fa121d3c258b5c9') in 0.018798 seconds
Number of updated asset objects reloaded before import = 0
Number of asset objects unloaded after import = 2
========================================================================
Received Import Request.
  Time since last request: 0.000048 seconds.
  path: Assets/Models/Material.005.mat
  artifactKey: Guid(312c154520c98fb43ae3b93fe85b9b0b) Importer(815301076,1909f56bfc062723c751e8b465ee728b)
Start importing Assets/Models/Material.005.mat using Guid(312c154520c98fb43ae3b93fe85b9b0b) Importer(815301076,1909f56bfc062723c751e8b465ee728b)  -> (artifact id: '505099ec70013bd26894d2cb0a064ccc') in 0.017978 seconds
Number of updated asset objects reloaded before import = 0
Number of asset objects unloaded after import = 2
========================================================================
Received Import Request.
  Time since last request: 56.384543 seconds.
  path: Assets/Models/Material.002.mat
  artifactKey: Guid(b511494522fa28740948e0de80b0f615) Importer(815301076,1909f56bfc062723c751e8b465ee728b)
Start importing Assets/Models/Material.002.mat using Guid(b511494522fa28740948e0de80b0f615) Importer(815301076,1909f56bfc062723c751e8b465ee728b)  -> (artifact id: '9541416d91fbe25fb30a989a3f7870eb') in 0.033955 seconds
Number of updated asset objects reloaded before import = 0
Number of asset objects unloaded after import = 2
========================================================================
Received Import Request.
  Time since last request: 0.000036 seconds.
  path: Assets/Models/Material.004.mat
  artifactKey: Guid(bd186df3eba2e0d43887fd7fd78b7c5c) Importer(815301076,1909f56bfc062723c751e8b465ee728b)
Start importing Assets/Models/Material.004.mat using Guid(bd186df3eba2e0d43887fd7fd78b7c5c) Importer(815301076,1909f56bfc062723c751e8b465ee728b)  -> (artifact id: 'bbde9c62d2c549916014d0b698dad9d7') in 0.012559 seconds
Number of updated asset objects reloaded before import = 0
Number of asset objects unloaded after import = 2
========================================================================
Received Import Request.
  Time since last request: 0.000038 seconds.
  path: Assets/Models/Material.005.mat
  artifactKey: Guid(312c154520c98fb43ae3b93fe85b9b0b) Importer(815301076,1909f56bfc062723c751e8b465ee728b)
Start importing Assets/Models/Material.005.mat using Guid(312c154520c98fb43ae3b93fe85b9b0b) Importer(815301076,1909f56bfc062723c751e8b465ee728b)  -> (artifact id: '05907f6b2328ff1565fc2164fb9c391a') in 0.012806 seconds
Number of updated asset objects reloaded before import = 0
Number of asset objects unloaded after import = 2
========================================================================
Received Import Request.
  Time since last request: 68.998249 seconds.
  path: Assets/Materials/Player/Material.005.mat
  artifactKey: Guid(7e4429f84deb2c142b24c9ba0ab65f8e) Importer(815301076,1909f56bfc062723c751e8b465ee728b)
Start importing Assets/Materials/Player/Material.005.mat using Guid(7e4429f84deb2c142b24c9ba0ab65f8e) Importer(815301076,1909f56bfc062723c751e8b465ee728b)  -> (artifact id: 'ddfe768fa259f8a4a77d3edeb6df8c21') in 0.019398 seconds
Number of updated asset objects reloaded before import = 0
Number of asset objects unloaded after import = 2
========================================================================
Received Import Request.
  Time since last request: 0.000036 seconds.
  path: Assets/Materials/Player/Material.013.mat
  artifactKey: Guid(fbaa369a432ea5a4caeb281ec6f91ed0) Importer(815301076,1909f56bfc062723c751e8b465ee728b)
Start importing Assets/Materials/Player/Material.013.mat using Guid(fbaa369a432ea5a4caeb281ec6f91ed0) Importer(815301076,1909f56bfc062723c751e8b465ee728b)  -> (artifact id: '65e423e17365c82bac1d9470813a90ab') in 0.011272 seconds
Number of updated asset objects reloaded before import = 0
Number of asset objects unloaded after import = 2
========================================================================
Received Import Request.
  Time since last request: 0.000041 seconds.
  path: Assets/Materials/Player/Material.009.mat
  artifactKey: Guid(dc523d8dcde48ab4eb44f035e25e7830) Importer(815301076,1909f56bfc062723c751e8b465ee728b)
Start importing Assets/Materials/Player/Material.009.mat using Guid(dc523d8dcde48ab4eb44f035e25e7830) Importer(815301076,1909f56bfc062723c751e8b465ee728b)  -> (artifact id: 'b88d868733d3ca1ebddeeb466d86edbf') in 0.033195 seconds
Number of updated asset objects reloaded before import = 0
Number of asset objects unloaded after import = 2
========================================================================
Received Import Request.
  Time since last request: 59.640339 seconds.
  path: Assets/Materials/Materials/Material.005.mat
  artifactKey: Guid(403e187016f967244991a1ccde1c7f96) Importer(815301076,1909f56bfc062723c751e8b465ee728b)
Start importing Assets/Materials/Materials/Material.005.mat using Guid(403e187016f967244991a1ccde1c7f96) Importer(815301076,1909f56bfc062723c751e8b465ee728b)  -> (artifact id: 'd04b7f13f8e1c1ee497edf8d0bc7f4a5') in 0.012821 seconds
Number of updated asset objects reloaded before import = 0
Number of asset objects unloaded after import = 2
========================================================================
Received Import Request.
  Time since last request: 0.000052 seconds.
  path: Assets/Materials/Materials/Material.018.mat
  artifactKey: Guid(41b922ee04a352a4b80a588e6d44bb2f) Importer(815301076,1909f56bfc062723c751e8b465ee728b)
Start importing Assets/Materials/Materials/Material.018.mat using Guid(41b922ee04a352a4b80a588e6d44bb2f) Importer(815301076,1909f56bfc062723c751e8b465ee728b)  -> (artifact id: 'c7399c517f3e251588a89fba263f95c3') in 0.018507 seconds
Number of updated asset objects reloaded before import = 0
Number of asset objects unloaded after import = 2
========================================================================
Received Import Request.
  Time since last request: 0.000052 seconds.
  path: Assets/Materials/Materials/Material.016.mat
  artifactKey: Guid(236dd92ee541cf24f9cc3df5e24ac739) Importer(815301076,1909f56bfc062723c751e8b465ee728b)
Start importing Assets/Materials/Materials/Material.016.mat using Guid(236dd92ee541cf24f9cc3df5e24ac739) Importer(815301076,1909f56bfc062723c751e8b465ee728b)  -> (artifact id: '78a46e03423bbd5558646c1f75d3ad01') in 0.030279 seconds
Number of updated asset objects reloaded before import = 0
Number of asset objects unloaded after import = 2
========================================================================
Received Import Request.
  Time since last request: 0.000024 seconds.
  path: Assets/Materials/Materials/Material.007.mat
  artifactKey: Guid(0b29d0e7bde9cbd47910b48f969d579a) Importer(815301076,1909f56bfc062723c751e8b465ee728b)
Start importing Assets/Materials/Materials/Material.007.mat using Guid(0b29d0e7bde9cbd47910b48f969d579a) Importer(815301076,1909f56bfc062723c751e8b465ee728b)  -> (artifact id: 'ca682ee3cdf06a5809b9213a1b61317d') in 0.013347 seconds
Number of updated asset objects reloaded before import = 0
Number of asset objects unloaded after import = 2
