Using pre-set license
Built from '2022.3/staging' branch; Version is '2022.3.9f1 (ea401c316338) revision 15351836'; Using compiler version '192829333'; Build Type 'Release'
OS: 'Windows 10  (10.0.19045) 64bit Core' Language: 'ru' Physical Memory: 8130 MB
BatchMode: 1, IsHumanControllingUs: 0, StartBugReporterOnCrash: 0, Is64bit: 1, IsPro: 1

COMMAND LINE ARGUMENTS:
D:\Unity\Unity 2022.3.9f1\Editor\Unity.exe
-adb2
-batchMode
-noUpm
-name
AssetImportWorker0
-projectPath
D:/GitProjects/GGJ2024/GGJ 2024
-logFile
Logs/AssetImportWorker0.log
-srvPort
57672
Successfully changed project path to: D:/GitProjects/GGJ2024/GGJ 2024
D:/GitProjects/GGJ2024/GGJ 2024
[UnityMemory] Configuration Parameters - Can be set up in boot.config
    "memorysetup-bucket-allocator-granularity=16"
    "memorysetup-bucket-allocator-bucket-count=8"
    "memorysetup-bucket-allocator-block-size=33554432"
    "memorysetup-bucket-allocator-block-count=8"
    "memorysetup-main-allocator-block-size=16777216"
    "memorysetup-thread-allocator-block-size=16777216"
    "memorysetup-gfx-main-allocator-block-size=16777216"
    "memorysetup-gfx-thread-allocator-block-size=16777216"
    "memorysetup-cache-allocator-block-size=4194304"
    "memorysetup-typetree-allocator-block-size=2097152"
    "memorysetup-profiler-bucket-allocator-granularity=16"
    "memorysetup-profiler-bucket-allocator-bucket-count=8"
    "memorysetup-profiler-bucket-allocator-block-size=33554432"
    "memorysetup-profiler-bucket-allocator-block-count=8"
    "memorysetup-profiler-allocator-block-size=16777216"
    "memorysetup-profiler-editor-allocator-block-size=1048576"
    "memorysetup-temp-allocator-size-main=16777216"
    "memorysetup-job-temp-allocator-block-size=2097152"
    "memorysetup-job-temp-allocator-block-size-background=1048576"
    "memorysetup-job-temp-allocator-reduction-small-platforms=262144"
    "memorysetup-allocator-temp-initial-block-size-main=262144"
    "memorysetup-allocator-temp-initial-block-size-worker=262144"
    "memorysetup-temp-allocator-size-background-worker=32768"
    "memorysetup-temp-allocator-size-job-worker=262144"
    "memorysetup-temp-allocator-size-preload-manager=33554432"
    "memorysetup-temp-allocator-size-nav-mesh-worker=65536"
    "memorysetup-temp-allocator-size-audio-worker=65536"
    "memorysetup-temp-allocator-size-cloud-worker=32768"
    "memorysetup-temp-allocator-size-gi-baking-worker=262144"
    "memorysetup-temp-allocator-size-gfx=262144"
Player connection [7912] Host "[IP] 26.159.216.67 [Port] 0 [Flags] 2 [Guid] 4160441346 [EditorId] 4160441346 [Version] 1048832 [Id] WindowsEditor(7,Isudzaki) [Debug] 1 [PackageName] WindowsEditor [ProjectName] Editor" joined multi-casting on [225.0.0.222:54997]...

Player connection [7912] Host "[IP] 26.159.216.67 [Port] 0 [Flags] 2 [Guid] 4160441346 [EditorId] 4160441346 [Version] 1048832 [Id] WindowsEditor(7,Isudzaki) [Debug] 1 [PackageName] WindowsEditor [ProjectName] Editor" joined alternative multi-casting on [225.0.0.222:34997]...

[Physics::Module] Initialized MultithreadedJobDispatcher with 7 workers.
Refreshing native plugins compatible for Editor in 21.32 ms, found 3 plugins.
Preloading 0 native plugins for Editor in 0.00 ms.
Initialize engine version: 2022.3.9f1 (ea401c316338)
[Subsystems] Discovering subsystems at path D:/Unity/Unity 2022.3.9f1/Editor/Data/Resources/UnitySubsystems
[Subsystems] Discovering subsystems at path D:/GitProjects/GGJ2024/GGJ 2024/Assets
GfxDevice: creating device client; threaded=0; jobified=0
Direct3D:
    Version:  Direct3D 11.0 [level 11.1]
    Renderer: NVIDIA GeForce GTX 970M (ID=0x1618)
    Vendor:   NVIDIA
    VRAM:     3024 MB
    Driver:   31.0.15.4629
Initialize mono
Mono path[0] = 'D:/Unity/Unity 2022.3.9f1/Editor/Data/Managed'
Mono path[1] = 'D:/Unity/Unity 2022.3.9f1/Editor/Data/MonoBleedingEdge/lib/mono/unityjit-win32'
Mono config path = 'D:/Unity/Unity 2022.3.9f1/Editor/Data/MonoBleedingEdge/etc'
Using monoOptions --debugger-agent=transport=dt_socket,embedding=1,server=y,suspend=n,address=127.0.0.1:56264
Begin MonoManager ReloadAssembly
Registering precompiled unity dll's ...
Register platform support module: D:/Unity/Unity 2022.3.9f1/Editor/Data/PlaybackEngines/AndroidPlayer/UnityEditor.Android.Extensions.dll
Register platform support module: D:/Unity/Unity 2022.3.9f1/Editor/Data/PlaybackEngines/WindowsStandaloneSupport/UnityEditor.WindowsStandalone.Extensions.dll
Registered in 0.009531 seconds.
- Loaded All Assemblies, in  0.917 seconds
Native extension for WindowsStandalone target not found
Native extension for Android target not found
Mono: successfully reloaded assembly
- Finished resetting the current domain, in  0.589 seconds
Domain Reload Profiling: 1505ms
	BeginReloadAssembly (298ms)
		ExecutionOrderSort (0ms)
		DisableScriptedObjects (0ms)
		BackupInstance (0ms)
		ReleaseScriptingObjects (0ms)
		CreateAndSetChildDomain (1ms)
	RebuildCommonClasses (63ms)
	RebuildNativeTypeToScriptingClass (22ms)
	initialDomainReloadingComplete (94ms)
	LoadAllAssembliesAndSetupDomain (438ms)
		LoadAssemblies (343ms)
		RebuildTransferFunctionScriptingTraits (0ms)
		AnalyzeDomain (389ms)
			TypeCache.Refresh (386ms)
				TypeCache.ScanAssembly (342ms)
			ScanForSourceGeneratedMonoScriptInfo (1ms)
			ResolveRequiredComponents (1ms)
	FinalizeReload (590ms)
		ReleaseScriptCaches (0ms)
		RebuildScriptCaches (0ms)
		SetupLoadedEditorAssemblies (484ms)
			LogAssemblyErrors (0ms)
			InitializePlatformSupportModulesInManaged (200ms)
			SetLoadedEditorAssemblies (6ms)
			RefreshPlugins (0ms)
			BeforeProcessingInitializeOnLoad (5ms)
			ProcessInitializeOnLoadAttributes (181ms)
			ProcessInitializeOnLoadMethodAttributes (93ms)
			AfterProcessingInitializeOnLoad (0ms)
			EditorAssembliesLoaded (0ms)
		ExecutionOrderSort2 (0ms)
		AwakeInstancesAfterBackupRestoration (0ms)
========================================================================
Worker process is ready to serve import requests
Begin MonoManager ReloadAssembly
- Loaded All Assemblies, in  7.103 seconds
Refreshing native plugins compatible for Editor in 4.35 ms, found 3 plugins.
Native extension for WindowsStandalone target not found
Native extension for Android target not found
Package Manager log level set to [2]
[Package Manager] Server::EnsureServerProcessIsRunning -- launch failed, reason: Unity was launched with the -noUpm command-line argument
[Package Manager] UpmClient::Send -- Unable to send message (not connected to UPM process).
[Package Manager] Cannot connect to Unity Package Manager local server
Mono: successfully reloaded assembly
- Finished resetting the current domain, in  3.089 seconds
Domain Reload Profiling: 10243ms
	BeginReloadAssembly (1666ms)
		ExecutionOrderSort (0ms)
		DisableScriptedObjects (8ms)
		BackupInstance (0ms)
		ReleaseScriptingObjects (0ms)
		CreateAndSetChildDomain (119ms)
	RebuildCommonClasses (63ms)
	RebuildNativeTypeToScriptingClass (17ms)
	initialDomainReloadingComplete (96ms)
	LoadAllAssembliesAndSetupDomain (5268ms)
		LoadAssemblies (5863ms)
		RebuildTransferFunctionScriptingTraits (0ms)
		AnalyzeDomain (864ms)
			TypeCache.Refresh (743ms)
				TypeCache.ScanAssembly (552ms)
			ScanForSourceGeneratedMonoScriptInfo (96ms)
			ResolveRequiredComponents (23ms)
	FinalizeReload (3132ms)
		ReleaseScriptCaches (0ms)
		RebuildScriptCaches (0ms)
		SetupLoadedEditorAssemblies (2582ms)
			LogAssemblyErrors (0ms)
			InitializePlatformSupportModulesInManaged (111ms)
			SetLoadedEditorAssemblies (30ms)
			RefreshPlugins (0ms)
			BeforeProcessingInitializeOnLoad (289ms)
			ProcessInitializeOnLoadAttributes (1970ms)
			ProcessInitializeOnLoadMethodAttributes (175ms)
			AfterProcessingInitializeOnLoad (6ms)
			EditorAssembliesLoaded (1ms)
		ExecutionOrderSort2 (22ms)
		AwakeInstancesAfterBackupRestoration (46ms)
Launched and connected shader compiler UnityShaderCompiler.exe after 0.66 seconds
Refreshing native plugins compatible for Editor in 6.57 ms, found 3 plugins.
Preloading 0 native plugins for Editor in 0.00 ms.
Unloading 5295 Unused Serialized files (Serialized files now loaded: 0)
Unloading 85 unused Assets / (1.4 MB). Loaded Objects now: 5759.
Memory consumption went from 243.0 MB to 241.6 MB.
Total: 41.003900 ms (FindLiveObjects: 1.450000 ms CreateObjectMapping: 1.350300 ms MarkObjects: 11.765100 ms  DeleteObjects: 26.436200 ms)

AssetImportParameters requested are different than current active one (requested -> active):
  custom:container-demuxer-ogg: 62fdf1f143b41e24485cea50d1cbac27 -> 
  custom:video-codec-MediaFoundation-h265: 746d11721c4dcdbdad8f713fa42b33f4 -> 
  custom:video-decoder-ogg-theora: a1e56fd34408186e4bbccfd4996cb3dc -> 
  custom:framework-win-MediaFoundation: 216162199b28c13a410421893ffa2e32 -> 
  custom:CustomObjectIndexerAttribute: a3ef5dd2817f97addfee359851a9dba5 -> 
  custom:container-demuxer-webm: 4f35f7cbe854078d1ac9338744f61a02 -> 
  custom:container-muxer-webm: aa71ff27fc2769a1b78a27578f13a17b -> 
  custom:video-decoder-webm-vp8: 9c59270c3fd7afecdb556c50c9e8de78 -> 
  custom:SearchIndexIgnoredProperties: e643bd26f0fe6173181afceb89e7c659 -> 
  custom:AudioImporter_EditorPlatform: d09bf68614088b80899f8185d706f6e7 -> 
  custom:video-encoder-webm-vp8: eb34c28f22e8b96e1ab97ce403110664 -> 
  custom:audio-decoder-ogg-vorbis: bf7c407c2cedff20999df2af8eb42d56 -> 
  custom:audio-encoder-webm-vorbis: bf7c407c2cedff20999df2af8eb42d56 -> 
========================================================================
Received Import Request.
  Time since last request: 668.611673 seconds.
  path: Assets/JMO Assets/Toony Colors Pro/Demo TCP2
  artifactKey: Guid(f599ea5c3d118a442a8edf7614c7fc0f) Importer(815301076,1909f56bfc062723c751e8b465ee728b)
Start importing Assets/JMO Assets/Toony Colors Pro/Demo TCP2 using Guid(f599ea5c3d118a442a8edf7614c7fc0f) Importer(815301076,1909f56bfc062723c751e8b465ee728b)  -> (artifact id: 'dd7f656a9041fbf719a1d1867f890f0d') in 0.009094 seconds
Number of updated asset objects reloaded before import = 0
Number of asset objects unloaded after import = 0
========================================================================
Received Import Request.
  Time since last request: 0.000109 seconds.
  path: Assets/JMO Assets/Toony Colors Pro/Demo TCP2/Common Demo Assets/Graphics/TCP2_Demo Small Rocks Normal.png
  artifactKey: Guid(8d95929314ce653489a6fa3be328f373) Importer(815301076,1909f56bfc062723c751e8b465ee728b)
Start importing Assets/JMO Assets/Toony Colors Pro/Demo TCP2/Common Demo Assets/Graphics/TCP2_Demo Small Rocks Normal.png using Guid(8d95929314ce653489a6fa3be328f373) Importer(815301076,1909f56bfc062723c751e8b465ee728b)  -> (artifact id: '672bf802d8bcb9b3c79174ce30ff8bb0') in 0.511594 seconds
Number of updated asset objects reloaded before import = 0
Number of asset objects unloaded after import = 2
========================================================================
Received Import Request.
  Time since last request: 0.000028 seconds.
  path: Assets/JMO Assets/Toony Colors Pro/Demo TCP2/Material Layers Demo Assets/TCP2_Demo Material Layer Snow Y Position Based.mat
  artifactKey: Guid(0d2bf012b88dc214b83ed6b758420a5e) Importer(815301076,1909f56bfc062723c751e8b465ee728b)
Start importing Assets/JMO Assets/Toony Colors Pro/Demo TCP2/Material Layers Demo Assets/TCP2_Demo Material Layer Snow Y Position Based.mat using Guid(0d2bf012b88dc214b83ed6b758420a5e) Importer(815301076,1909f56bfc062723c751e8b465ee728b)  -> (artifact id: '9cfb707e2fa495ab7e016d2f9d35c9c1') in 1.102764 seconds
Number of updated asset objects reloaded before import = 0
Number of asset objects unloaded after import = 7
========================================================================
Received Import Request.
  Time since last request: 0.000074 seconds.
  path: Assets/JMO Assets/Toony Colors Pro/Demo TCP2/Material Layers Demo Assets/TCP2_Demo_MaterialLayer_Mesh.fbx
  artifactKey: Guid(db322b7c325561c4db2349bcb3784761) Importer(815301076,1909f56bfc062723c751e8b465ee728b)
Start importing Assets/JMO Assets/Toony Colors Pro/Demo TCP2/Material Layers Demo Assets/TCP2_Demo_MaterialLayer_Mesh.fbx using Guid(db322b7c325561c4db2349bcb3784761) Importer(815301076,1909f56bfc062723c751e8b465ee728b)  -> (artifact id: 'e74b554cde597d0ae34823d150a002a9') in 0.353330 seconds
Number of updated asset objects reloaded before import = 0
Number of asset objects unloaded after import = 8
========================================================================
Received Import Request.
  Time since last request: 0.000030 seconds.
  path: Assets/JMO Assets/Toony Colors Pro/Demo TCP2/Demo TCP2 Hybrid Shader.unity
  artifactKey: Guid(8c2d4c983c09b0149a006f1b3eb4fd7d) Importer(815301076,1909f56bfc062723c751e8b465ee728b)
Start importing Assets/JMO Assets/Toony Colors Pro/Demo TCP2/Demo TCP2 Hybrid Shader.unity using Guid(8c2d4c983c09b0149a006f1b3eb4fd7d) Importer(815301076,1909f56bfc062723c751e8b465ee728b)  -> (artifact id: '5485aaab32774074b6ed0fd0a8d559a8') in 0.000937 seconds
Number of updated asset objects reloaded before import = 0
Number of asset objects unloaded after import = 0
========================================================================
Received Import Request.
  Time since last request: 0.000267 seconds.
  path: Assets/JMO Assets/Toony Colors Pro/Demo TCP2/Demo TCP2 ShaderGenerator.unity
  artifactKey: Guid(16085e65e45058f47bd13c43cca0f448) Importer(815301076,1909f56bfc062723c751e8b465ee728b)
Start importing Assets/JMO Assets/Toony Colors Pro/Demo TCP2/Demo TCP2 ShaderGenerator.unity using Guid(16085e65e45058f47bd13c43cca0f448) Importer(815301076,1909f56bfc062723c751e8b465ee728b)  -> (artifact id: '2a91f7096c4e8f99bcf38792d967a2d1') in 0.000856 seconds
Number of updated asset objects reloaded before import = 0
Number of asset objects unloaded after import = 0
========================================================================
Received Import Request.
  Time since last request: 0.000029 seconds.
  path: Assets/JMO Assets/Toony Colors Pro/Demo TCP2/Material Layers Demo Assets/TCP2_Demo Material Layer Snow Normal Based.mat
  artifactKey: Guid(11991ea55c6e1e6428ffe373b8a19645) Importer(815301076,1909f56bfc062723c751e8b465ee728b)
Start importing Assets/JMO Assets/Toony Colors Pro/Demo TCP2/Material Layers Demo Assets/TCP2_Demo Material Layer Snow Normal Based.mat using Guid(11991ea55c6e1e6428ffe373b8a19645) Importer(815301076,1909f56bfc062723c751e8b465ee728b)  -> (artifact id: '8498cbd50875f07de1cb191c0d30b294') in 0.020895 seconds
Number of updated asset objects reloaded before import = 0
Number of asset objects unloaded after import = 6
========================================================================
Received Import Request.
  Time since last request: 0.000021 seconds.
  path: Assets/JMO Assets/Toony Colors Pro/Demo TCP2/Demo TCP2 Cat.unity
  artifactKey: Guid(ee01dcde20404d24085806cf87ef861d) Importer(815301076,1909f56bfc062723c751e8b465ee728b)
Start importing Assets/JMO Assets/Toony Colors Pro/Demo TCP2/Demo TCP2 Cat.unity using Guid(ee01dcde20404d24085806cf87ef861d) Importer(815301076,1909f56bfc062723c751e8b465ee728b)  -> (artifact id: '6e8e10d626239006859099a9ca15da6e') in 0.000598 seconds
Number of updated asset objects reloaded before import = 0
Number of asset objects unloaded after import = 0
========================================================================
Received Import Request.
  Time since last request: 0.000127 seconds.
  path: Assets/JMO Assets/Toony Colors Pro/Demo TCP2/Common Demo Assets/Graphics/TCP2_Demo Perlin Noise.png
  artifactKey: Guid(3eda0c4754885564f9df920405499055) Importer(815301076,1909f56bfc062723c751e8b465ee728b)
Start importing Assets/JMO Assets/Toony Colors Pro/Demo TCP2/Common Demo Assets/Graphics/TCP2_Demo Perlin Noise.png using Guid(3eda0c4754885564f9df920405499055) Importer(815301076,1909f56bfc062723c751e8b465ee728b)  -> (artifact id: '999ca2f2577ffa620ee229c33f63f3af') in 0.029190 seconds
Number of updated asset objects reloaded before import = 0
Number of asset objects unloaded after import = 2
========================================================================
Received Import Request.
  Time since last request: 9.153722 seconds.
  path: Assets/JMO Assets/Toony Colors Pro/Demo TCP2/Material Layers Demo Assets/Shaders
  artifactKey: Guid(5c0b516cfbb0b5342833f1e06dc8921a) Importer(815301076,1909f56bfc062723c751e8b465ee728b)
Start importing Assets/JMO Assets/Toony Colors Pro/Demo TCP2/Material Layers Demo Assets/Shaders using Guid(5c0b516cfbb0b5342833f1e06dc8921a) Importer(815301076,1909f56bfc062723c751e8b465ee728b)  -> (artifact id: '3051b7fce641c8b17dd668d851727224') in 0.001037 seconds
Number of updated asset objects reloaded before import = 0
Number of asset objects unloaded after import = 0
========================================================================
Received Import Request.
  Time since last request: 26.757734 seconds.
  path: Assets/JMO Assets/Toony Colors Pro/Demo TCP2/Cat Demo Assets/Materials/TCP2_Demo_BrickWall.mat
  artifactKey: Guid(59da09a3c69f9aa43a970b5d5327f751) Importer(815301076,1909f56bfc062723c751e8b465ee728b)
Start importing Assets/JMO Assets/Toony Colors Pro/Demo TCP2/Cat Demo Assets/Materials/TCP2_Demo_BrickWall.mat using Guid(59da09a3c69f9aa43a970b5d5327f751) Importer(815301076,1909f56bfc062723c751e8b465ee728b)  -> (artifact id: '83af007b301e6a469097563fada8be19') in 0.020893 seconds
Number of updated asset objects reloaded before import = 0
Number of asset objects unloaded after import = 3
========================================================================
Received Import Request.
  Time since last request: 0.001823 seconds.
  path: Assets/JMO Assets/Toony Colors Pro/Demo TCP2/Cat Demo Assets/Materials/TCP2_Demo_BrickWall_Flat.mat
  artifactKey: Guid(2af672e9f6aba774db7c2ee1e800a98f) Importer(815301076,1909f56bfc062723c751e8b465ee728b)
Start importing Assets/JMO Assets/Toony Colors Pro/Demo TCP2/Cat Demo Assets/Materials/TCP2_Demo_BrickWall_Flat.mat using Guid(2af672e9f6aba774db7c2ee1e800a98f) Importer(815301076,1909f56bfc062723c751e8b465ee728b)  -> (artifact id: 'a21398f9afc3575405955a661ac1bba9') in 0.131207 seconds
Number of updated asset objects reloaded before import = 0
Number of asset objects unloaded after import = 3
========================================================================
Received Import Request.
  Time since last request: 0.000031 seconds.
  path: Assets/JMO Assets/Toony Colors Pro/Demo TCP2/Cat Demo Assets/Materials/TCP2_Demo_StreetLightDay.mat
  artifactKey: Guid(b92202aa25c0fb747b2aa80fab3b73fd) Importer(815301076,1909f56bfc062723c751e8b465ee728b)
Start importing Assets/JMO Assets/Toony Colors Pro/Demo TCP2/Cat Demo Assets/Materials/TCP2_Demo_StreetLightDay.mat using Guid(b92202aa25c0fb747b2aa80fab3b73fd) Importer(815301076,1909f56bfc062723c751e8b465ee728b)  -> (artifact id: '22687e49434622a250734124c4497db7') in 0.016198 seconds
Number of updated asset objects reloaded before import = 0
Number of asset objects unloaded after import = 2
========================================================================
Received Import Request.
  Time since last request: 0.000037 seconds.
  path: Assets/JMO Assets/Toony Colors Pro/Demo TCP2/Cat Demo Assets/Materials/TCP2_Demo_Car_Flat.mat
  artifactKey: Guid(a2584f72a2d294c489d4869a70d183e1) Importer(815301076,1909f56bfc062723c751e8b465ee728b)
Start importing Assets/JMO Assets/Toony Colors Pro/Demo TCP2/Cat Demo Assets/Materials/TCP2_Demo_Car_Flat.mat using Guid(a2584f72a2d294c489d4869a70d183e1) Importer(815301076,1909f56bfc062723c751e8b465ee728b)  -> (artifact id: '709163a46714b03e8a683b8ec01c3eba') in 0.059616 seconds
Number of updated asset objects reloaded before import = 0
Number of asset objects unloaded after import = 3
========================================================================
Received Import Request.
  Time since last request: 0.000037 seconds.
  path: Assets/JMO Assets/Toony Colors Pro/Demo TCP2/Cat Demo Assets/Materials/TCP2_Demo_VertexColors.mat
  artifactKey: Guid(5317db51cf2174641923a1b4a0bbe894) Importer(815301076,1909f56bfc062723c751e8b465ee728b)
Start importing Assets/JMO Assets/Toony Colors Pro/Demo TCP2/Cat Demo Assets/Materials/TCP2_Demo_VertexColors.mat using Guid(5317db51cf2174641923a1b4a0bbe894) Importer(815301076,1909f56bfc062723c751e8b465ee728b)  -> (artifact id: '3ea81e7c6da8dc51c652c8056fa7d886') in 0.012525 seconds
Number of updated asset objects reloaded before import = 0
Number of asset objects unloaded after import = 2
========================================================================
Received Import Request.
  Time since last request: 0.000030 seconds.
  path: Assets/JMO Assets/Toony Colors Pro/Demo TCP2/Cat Demo Assets/Materials/TCP2_Demo_StreetLightNight.mat
  artifactKey: Guid(16c2cb4597c17284c9fe6ad19d99623d) Importer(815301076,1909f56bfc062723c751e8b465ee728b)
Start importing Assets/JMO Assets/Toony Colors Pro/Demo TCP2/Cat Demo Assets/Materials/TCP2_Demo_StreetLightNight.mat using Guid(16c2cb4597c17284c9fe6ad19d99623d) Importer(815301076,1909f56bfc062723c751e8b465ee728b)  -> (artifact id: '15a70d901697657480c5ecf3993baece') in 0.013801 seconds
Number of updated asset objects reloaded before import = 0
Number of asset objects unloaded after import = 2
========================================================================
Received Import Request.
  Time since last request: 0.000031 seconds.
  path: Assets/JMO Assets/Toony Colors Pro/Demo TCP2/Cat Demo Assets/Materials/TCP2_Demo_WheelyBin.mat
  artifactKey: Guid(7265d13ee9adb8349a2cda9f12443f54) Importer(815301076,1909f56bfc062723c751e8b465ee728b)
Start importing Assets/JMO Assets/Toony Colors Pro/Demo TCP2/Cat Demo Assets/Materials/TCP2_Demo_WheelyBin.mat using Guid(7265d13ee9adb8349a2cda9f12443f54) Importer(815301076,1909f56bfc062723c751e8b465ee728b)  -> (artifact id: '408aa44e5d3827f01c290168f3958a6d') in 0.011689 seconds
Number of updated asset objects reloaded before import = 0
Number of asset objects unloaded after import = 3
========================================================================
Received Import Request.
  Time since last request: 0.000065 seconds.
  path: Assets/JMO Assets/Toony Colors Pro/Demo TCP2/Cat Demo Assets/Materials/TCP2_Demo_StreetLightNight_Flat.mat
  artifactKey: Guid(bcadefaf8d79cd142a795016cebd844b) Importer(815301076,1909f56bfc062723c751e8b465ee728b)
Start importing Assets/JMO Assets/Toony Colors Pro/Demo TCP2/Cat Demo Assets/Materials/TCP2_Demo_StreetLightNight_Flat.mat using Guid(bcadefaf8d79cd142a795016cebd844b) Importer(815301076,1909f56bfc062723c751e8b465ee728b)  -> (artifact id: 'bd4e03b2e313f5612d6196e1bae88cb4') in 0.028961 seconds
Number of updated asset objects reloaded before import = 0
Number of asset objects unloaded after import = 2
========================================================================
Received Import Request.
  Time since last request: 1.911899 seconds.
  path: Assets/JMO Assets/Toony Colors Pro/Demo TCP2/SG Demo Assets/_Misc Assets/TCP2_Demo_WaterCartoon.png
  artifactKey: Guid(5930a2cf4b06d4747878f6bdaad8d95f) Importer(815301076,1909f56bfc062723c751e8b465ee728b)
Start importing Assets/JMO Assets/Toony Colors Pro/Demo TCP2/SG Demo Assets/_Misc Assets/TCP2_Demo_WaterCartoon.png using Guid(5930a2cf4b06d4747878f6bdaad8d95f) Importer(815301076,1909f56bfc062723c751e8b465ee728b)  -> (artifact id: 'c6639217533b57a9465c59ab8038f0f5') in 0.043965 seconds
Number of updated asset objects reloaded before import = 0
Number of asset objects unloaded after import = 2
========================================================================
Received Prepare
Begin MonoManager ReloadAssembly
- Loaded All Assemblies, in  1.668 seconds
Refreshing native plugins compatible for Editor in 4.98 ms, found 3 plugins.
Native extension for WindowsStandalone target not found
Native extension for Android target not found
[Package Manager] Server::EnsureServerProcessIsRunning -- launch failed, reason: Unity was launched with the -noUpm command-line argument
[Package Manager] UpmClient::Send -- Unable to send message (not connected to UPM process).
[Package Manager] Cannot connect to Unity Package Manager local server
Mono: successfully reloaded assembly
- Finished resetting the current domain, in 15.744 seconds
Domain Reload Profiling: 17411ms
	BeginReloadAssembly (276ms)
		ExecutionOrderSort (0ms)
		DisableScriptedObjects (16ms)
		BackupInstance (0ms)
		ReleaseScriptingObjects (0ms)
		CreateAndSetChildDomain (75ms)
	RebuildCommonClasses (57ms)
	RebuildNativeTypeToScriptingClass (18ms)
	initialDomainReloadingComplete (57ms)
	LoadAllAssembliesAndSetupDomain (1258ms)
		LoadAssemblies (1317ms)
		RebuildTransferFunctionScriptingTraits (0ms)
		AnalyzeDomain (79ms)
			TypeCache.Refresh (16ms)
				TypeCache.ScanAssembly (1ms)
			ScanForSourceGeneratedMonoScriptInfo (41ms)
			ResolveRequiredComponents (21ms)
	FinalizeReload (15745ms)
		ReleaseScriptCaches (0ms)
		RebuildScriptCaches (0ms)
		SetupLoadedEditorAssemblies (948ms)
			LogAssemblyErrors (0ms)
			InitializePlatformSupportModulesInManaged (31ms)
			SetLoadedEditorAssemblies (10ms)
			RefreshPlugins (0ms)
			BeforeProcessingInitializeOnLoad (152ms)
			ProcessInitializeOnLoadAttributes (681ms)
			ProcessInitializeOnLoadMethodAttributes (70ms)
			AfterProcessingInitializeOnLoad (4ms)
			EditorAssembliesLoaded (0ms)
		ExecutionOrderSort2 (0ms)
		AwakeInstancesAfterBackupRestoration (36ms)
Refreshing native plugins compatible for Editor in 3.73 ms, found 3 plugins.
Preloading 0 native plugins for Editor in 0.00 ms.
Unloading 5013 Unused Serialized files (Serialized files now loaded: 0)
Unloading 63 unused Assets / (400.2 KB). Loaded Objects now: 5840.
Memory consumption went from 197.8 MB to 197.4 MB.
Total: 4.764600 ms (FindLiveObjects: 0.469500 ms CreateObjectMapping: 0.458700 ms MarkObjects: 3.692000 ms  DeleteObjects: 0.143300 ms)

Prepare: number of updated asset objects reloaded= 62
AssetImportParameters requested are different than current active one (requested -> active):
  custom:container-demuxer-ogg: 62fdf1f143b41e24485cea50d1cbac27 -> 
  custom:video-codec-MediaFoundation-h265: 746d11721c4dcdbdad8f713fa42b33f4 -> 
  custom:video-decoder-ogg-theora: a1e56fd34408186e4bbccfd4996cb3dc -> 
  custom:framework-win-MediaFoundation: 216162199b28c13a410421893ffa2e32 -> 
  custom:CustomObjectIndexerAttribute: a3ef5dd2817f97addfee359851a9dba5 -> 
  custom:container-demuxer-webm: 4f35f7cbe854078d1ac9338744f61a02 -> 
  custom:container-muxer-webm: aa71ff27fc2769a1b78a27578f13a17b -> 
  custom:video-decoder-webm-vp8: 9c59270c3fd7afecdb556c50c9e8de78 -> 
  custom:SearchIndexIgnoredProperties: e643bd26f0fe6173181afceb89e7c659 -> 
  custom:AudioImporter_EditorPlatform: d09bf68614088b80899f8185d706f6e7 -> 
  custom:video-encoder-webm-vp8: eb34c28f22e8b96e1ab97ce403110664 -> 
  custom:audio-decoder-ogg-vorbis: bf7c407c2cedff20999df2af8eb42d56 -> 
  custom:audio-encoder-webm-vorbis: bf7c407c2cedff20999df2af8eb42d56 -> 
========================================================================
Received Import Request.
  Time since last request: 67.635879 seconds.
  path: Assets/Scenes/Game 1.unity
  artifactKey: Guid(acb98036ca31d4d709757dea8a98823e) Importer(815301076,1909f56bfc062723c751e8b465ee728b)
Start importing Assets/Scenes/Game 1.unity using Guid(acb98036ca31d4d709757dea8a98823e) Importer(815301076,1909f56bfc062723c751e8b465ee728b)  -> (artifact id: '2d0add336ccbe3bb85989606183e646c') in 0.013897 seconds
Number of updated asset objects reloaded before import = 0
Number of asset objects unloaded after import = 0
========================================================================
Received Prepare
Begin MonoManager ReloadAssembly
- Loaded All Assemblies, in  1.575 seconds
Refreshing native plugins compatible for Editor in 5.04 ms, found 3 plugins.
Native extension for WindowsStandalone target not found
Native extension for Android target not found
[Package Manager] Server::EnsureServerProcessIsRunning -- launch failed, reason: Unity was launched with the -noUpm command-line argument
[Package Manager] UpmClient::Send -- Unable to send message (not connected to UPM process).
[Package Manager] Cannot connect to Unity Package Manager local server
Mono: successfully reloaded assembly
- Finished resetting the current domain, in  2.452 seconds
Domain Reload Profiling: 4025ms
	BeginReloadAssembly (257ms)
		ExecutionOrderSort (0ms)
		DisableScriptedObjects (7ms)
		BackupInstance (0ms)
		ReleaseScriptingObjects (0ms)
		CreateAndSetChildDomain (65ms)
	RebuildCommonClasses (46ms)
	RebuildNativeTypeToScriptingClass (16ms)
	initialDomainReloadingComplete (38ms)
	LoadAllAssembliesAndSetupDomain (1217ms)
		LoadAssemblies (1324ms)
		RebuildTransferFunctionScriptingTraits (0ms)
		AnalyzeDomain (38ms)
			TypeCache.Refresh (11ms)
				TypeCache.ScanAssembly (0ms)
			ScanForSourceGeneratedMonoScriptInfo (0ms)
			ResolveRequiredComponents (25ms)
	FinalizeReload (2453ms)
		ReleaseScriptCaches (0ms)
		RebuildScriptCaches (0ms)
		SetupLoadedEditorAssemblies (1351ms)
			LogAssemblyErrors (0ms)
			InitializePlatformSupportModulesInManaged (42ms)
			SetLoadedEditorAssemblies (11ms)
			RefreshPlugins (0ms)
			BeforeProcessingInitializeOnLoad (216ms)
			ProcessInitializeOnLoadAttributes (977ms)
			ProcessInitializeOnLoadMethodAttributes (100ms)
			AfterProcessingInitializeOnLoad (5ms)
			EditorAssembliesLoaded (0ms)
		ExecutionOrderSort2 (0ms)
		AwakeInstancesAfterBackupRestoration (47ms)
Refreshing native plugins compatible for Editor in 5.16 ms, found 3 plugins.
Preloading 0 native plugins for Editor in 0.00 ms.
Unloading 5013 Unused Serialized files (Serialized files now loaded: 0)
Unloading 43 unused Assets / (389.5 KB). Loaded Objects now: 5794.
Memory consumption went from 180.8 MB to 180.4 MB.
Total: 7.805700 ms (FindLiveObjects: 0.678800 ms CreateObjectMapping: 0.835300 ms MarkObjects: 6.047300 ms  DeleteObjects: 0.243000 ms)

Prepare: number of updated asset objects reloaded= 0
AssetImportParameters requested are different than current active one (requested -> active):
  custom:container-demuxer-ogg: 62fdf1f143b41e24485cea50d1cbac27 -> 
  custom:video-codec-MediaFoundation-h265: 746d11721c4dcdbdad8f713fa42b33f4 -> 
  custom:video-decoder-ogg-theora: a1e56fd34408186e4bbccfd4996cb3dc -> 
  custom:framework-win-MediaFoundation: 216162199b28c13a410421893ffa2e32 -> 
  custom:CustomObjectIndexerAttribute: a3ef5dd2817f97addfee359851a9dba5 -> 
  custom:container-demuxer-webm: 4f35f7cbe854078d1ac9338744f61a02 -> 
  custom:container-muxer-webm: aa71ff27fc2769a1b78a27578f13a17b -> 
  custom:video-decoder-webm-vp8: 9c59270c3fd7afecdb556c50c9e8de78 -> 
  custom:SearchIndexIgnoredProperties: e643bd26f0fe6173181afceb89e7c659 -> 
  custom:AudioImporter_EditorPlatform: d09bf68614088b80899f8185d706f6e7 -> 
  custom:video-encoder-webm-vp8: eb34c28f22e8b96e1ab97ce403110664 -> 
  custom:audio-decoder-ogg-vorbis: bf7c407c2cedff20999df2af8eb42d56 -> 
  custom:audio-encoder-webm-vorbis: bf7c407c2cedff20999df2af8eb42d56 -> 
========================================================================
Received Prepare
Begin MonoManager ReloadAssembly
- Loaded All Assemblies, in  1.450 seconds
Refreshing native plugins compatible for Editor in 7.04 ms, found 3 plugins.
Native extension for WindowsStandalone target not found
Native extension for Android target not found
[Package Manager] Server::EnsureServerProcessIsRunning -- launch failed, reason: Unity was launched with the -noUpm command-line argument
[Package Manager] UpmClient::Send -- Unable to send message (not connected to UPM process).
[Package Manager] Cannot connect to Unity Package Manager local server
Mono: successfully reloaded assembly
- Finished resetting the current domain, in 16.891 seconds
Domain Reload Profiling: 18341ms
	BeginReloadAssembly (284ms)
		ExecutionOrderSort (0ms)
		DisableScriptedObjects (10ms)
		BackupInstance (0ms)
		ReleaseScriptingObjects (0ms)
		CreateAndSetChildDomain (67ms)
	RebuildCommonClasses (56ms)
	RebuildNativeTypeToScriptingClass (19ms)
	initialDomainReloadingComplete (45ms)
	LoadAllAssembliesAndSetupDomain (1045ms)
		LoadAssemblies (1175ms)
		RebuildTransferFunctionScriptingTraits (0ms)
		AnalyzeDomain (35ms)
			TypeCache.Refresh (10ms)
				TypeCache.ScanAssembly (0ms)
			ScanForSourceGeneratedMonoScriptInfo (0ms)
			ResolveRequiredComponents (23ms)
	FinalizeReload (16892ms)
		ReleaseScriptCaches (0ms)
		RebuildScriptCaches (0ms)
		SetupLoadedEditorAssemblies (1292ms)
			LogAssemblyErrors (0ms)
			InitializePlatformSupportModulesInManaged (44ms)
			SetLoadedEditorAssemblies (11ms)
			RefreshPlugins (0ms)
			BeforeProcessingInitializeOnLoad (228ms)
			ProcessInitializeOnLoadAttributes (908ms)
			ProcessInitializeOnLoadMethodAttributes (96ms)
			AfterProcessingInitializeOnLoad (5ms)
			EditorAssembliesLoaded (0ms)
		ExecutionOrderSort2 (0ms)
		AwakeInstancesAfterBackupRestoration (44ms)
Refreshing native plugins compatible for Editor in 5.70 ms, found 3 plugins.
Preloading 0 native plugins for Editor in 0.00 ms.
Unloading 5013 Unused Serialized files (Serialized files now loaded: 0)
Unloading 43 unused Assets / (389.5 KB). Loaded Objects now: 5810.
Memory consumption went from 180.8 MB to 180.4 MB.
Total: 5.813200 ms (FindLiveObjects: 0.570100 ms CreateObjectMapping: 0.586900 ms MarkObjects: 4.402900 ms  DeleteObjects: 0.252100 ms)

Prepare: number of updated asset objects reloaded= 0
AssetImportParameters requested are different than current active one (requested -> active):
  custom:container-demuxer-ogg: 62fdf1f143b41e24485cea50d1cbac27 -> 
  custom:video-codec-MediaFoundation-h265: 746d11721c4dcdbdad8f713fa42b33f4 -> 
  custom:video-decoder-ogg-theora: a1e56fd34408186e4bbccfd4996cb3dc -> 
  custom:framework-win-MediaFoundation: 216162199b28c13a410421893ffa2e32 -> 
  custom:CustomObjectIndexerAttribute: a3ef5dd2817f97addfee359851a9dba5 -> 
  custom:container-demuxer-webm: 4f35f7cbe854078d1ac9338744f61a02 -> 
  custom:container-muxer-webm: aa71ff27fc2769a1b78a27578f13a17b -> 
  custom:video-decoder-webm-vp8: 9c59270c3fd7afecdb556c50c9e8de78 -> 
  custom:SearchIndexIgnoredProperties: e643bd26f0fe6173181afceb89e7c659 -> 
  custom:AudioImporter_EditorPlatform: d09bf68614088b80899f8185d706f6e7 -> 
  custom:video-encoder-webm-vp8: eb34c28f22e8b96e1ab97ce403110664 -> 
  custom:audio-decoder-ogg-vorbis: bf7c407c2cedff20999df2af8eb42d56 -> 
  custom:audio-encoder-webm-vorbis: bf7c407c2cedff20999df2af8eb42d56 -> 
========================================================================
Received Prepare
Begin MonoManager ReloadAssembly
- Loaded All Assemblies, in  2.338 seconds
Refreshing native plugins compatible for Editor in 6.62 ms, found 3 plugins.
Native extension for WindowsStandalone target not found
Native extension for Android target not found
[Package Manager] Server::EnsureServerProcessIsRunning -- launch failed, reason: Unity was launched with the -noUpm command-line argument
[Package Manager] UpmClient::Send -- Unable to send message (not connected to UPM process).
[Package Manager] Cannot connect to Unity Package Manager local server
Mono: successfully reloaded assembly
- Finished resetting the current domain, in 24.540 seconds
Domain Reload Profiling: 26878ms
	BeginReloadAssembly (544ms)
		ExecutionOrderSort (0ms)
		DisableScriptedObjects (20ms)
		BackupInstance (0ms)
		ReleaseScriptingObjects (0ms)
		CreateAndSetChildDomain (218ms)
	RebuildCommonClasses (65ms)
	RebuildNativeTypeToScriptingClass (20ms)
	initialDomainReloadingComplete (62ms)
	LoadAllAssembliesAndSetupDomain (1645ms)
		LoadAssemblies (1828ms)
		RebuildTransferFunctionScriptingTraits (0ms)
		AnalyzeDomain (48ms)
			TypeCache.Refresh (16ms)
				TypeCache.ScanAssembly (0ms)
			ScanForSourceGeneratedMonoScriptInfo (0ms)
			ResolveRequiredComponents (30ms)
	FinalizeReload (24541ms)
		ReleaseScriptCaches (0ms)
		RebuildScriptCaches (0ms)
		SetupLoadedEditorAssemblies (1413ms)
			LogAssemblyErrors (0ms)
			InitializePlatformSupportModulesInManaged (48ms)
			SetLoadedEditorAssemblies (11ms)
			RefreshPlugins (0ms)
			BeforeProcessingInitializeOnLoad (229ms)
			ProcessInitializeOnLoadAttributes (957ms)
			ProcessInitializeOnLoadMethodAttributes (162ms)
			AfterProcessingInitializeOnLoad (6ms)
			EditorAssembliesLoaded (0ms)
		ExecutionOrderSort2 (0ms)
		AwakeInstancesAfterBackupRestoration (46ms)
Refreshing native plugins compatible for Editor in 5.73 ms, found 3 plugins.
Preloading 0 native plugins for Editor in 0.00 ms.
Unloading 5013 Unused Serialized files (Serialized files now loaded: 0)
Unloading 43 unused Assets / (389.6 KB). Loaded Objects now: 5826.
Memory consumption went from 180.9 MB to 180.5 MB.
Total: 165.053400 ms (FindLiveObjects: 41.496600 ms CreateObjectMapping: 1.128900 ms MarkObjects: 115.471000 ms  DeleteObjects: 6.955100 ms)

Prepare: number of updated asset objects reloaded= 0
AssetImportParameters requested are different than current active one (requested -> active):
  custom:container-demuxer-ogg: 62fdf1f143b41e24485cea50d1cbac27 -> 
  custom:video-codec-MediaFoundation-h265: 746d11721c4dcdbdad8f713fa42b33f4 -> 
  custom:video-decoder-ogg-theora: a1e56fd34408186e4bbccfd4996cb3dc -> 
  custom:framework-win-MediaFoundation: 216162199b28c13a410421893ffa2e32 -> 
  custom:CustomObjectIndexerAttribute: a3ef5dd2817f97addfee359851a9dba5 -> 
  custom:container-demuxer-webm: 4f35f7cbe854078d1ac9338744f61a02 -> 
  custom:container-muxer-webm: aa71ff27fc2769a1b78a27578f13a17b -> 
  custom:video-decoder-webm-vp8: 9c59270c3fd7afecdb556c50c9e8de78 -> 
  custom:SearchIndexIgnoredProperties: e643bd26f0fe6173181afceb89e7c659 -> 
  custom:AudioImporter_EditorPlatform: d09bf68614088b80899f8185d706f6e7 -> 
  custom:video-encoder-webm-vp8: eb34c28f22e8b96e1ab97ce403110664 -> 
  custom:audio-decoder-ogg-vorbis: bf7c407c2cedff20999df2af8eb42d56 -> 
  custom:audio-encoder-webm-vorbis: bf7c407c2cedff20999df2af8eb42d56 -> 
========================================================================
Received Import Request.
  Time since last request: 5019.598998 seconds.
  path: Assets/Stylized-Water-Shader-Unity-URP-main
  artifactKey: Guid(a56c5530ce378e548b4d129071d0e8fd) Importer(815301076,1909f56bfc062723c751e8b465ee728b)
Start importing Assets/Stylized-Water-Shader-Unity-URP-main using Guid(a56c5530ce378e548b4d129071d0e8fd) Importer(815301076,1909f56bfc062723c751e8b465ee728b)  -> (artifact id: 'bfe473b25ec948307d5a57f50323789b') in 0.065636 seconds
Number of updated asset objects reloaded before import = 0
Number of asset objects unloaded after import = 0
========================================================================
Received Import Request.
  Time since last request: 1.610861 seconds.
  path: Assets/Stylized-Water-Shader-Unity-URP-main/Runtime
  artifactKey: Guid(d3f8f883ac348314f8d0f3213f842d14) Importer(815301076,1909f56bfc062723c751e8b465ee728b)
Start importing Assets/Stylized-Water-Shader-Unity-URP-main/Runtime using Guid(d3f8f883ac348314f8d0f3213f842d14) Importer(815301076,1909f56bfc062723c751e8b465ee728b)  -> (artifact id: '793727abb7119d1a0c66bac2d055c156') in 0.000767 seconds
Number of updated asset objects reloaded before import = 0
Number of asset objects unloaded after import = 0
========================================================================
Received Import Request.
  Time since last request: 2.154013 seconds.
  path: Assets/Stylized-Water-Shader-Unity-URP-main/Runtime/Library
  artifactKey: Guid(794964b7ea1e940479e097e3e42b311c) Importer(815301076,1909f56bfc062723c751e8b465ee728b)
Start importing Assets/Stylized-Water-Shader-Unity-URP-main/Runtime/Library using Guid(794964b7ea1e940479e097e3e42b311c) Importer(815301076,1909f56bfc062723c751e8b465ee728b)  -> (artifact id: '78e85a75a72d9ff6bfafdaeb95c13ad5') in 0.000827 seconds
Number of updated asset objects reloaded before import = 0
Number of asset objects unloaded after import = 0
========================================================================
Received Import Request.
  Time since last request: 1.468458 seconds.
  path: Assets/Stylized-Water-Shader-Unity-URP-main/Runtime/Library/Textures
  artifactKey: Guid(4ddaa47226d7bf4438b053b1b3e11234) Importer(815301076,1909f56bfc062723c751e8b465ee728b)
Start importing Assets/Stylized-Water-Shader-Unity-URP-main/Runtime/Library/Textures using Guid(4ddaa47226d7bf4438b053b1b3e11234) Importer(815301076,1909f56bfc062723c751e8b465ee728b)  -> (artifact id: 'c932db9d5b55684e1715bc47986abbb2') in 0.000778 seconds
Number of updated asset objects reloaded before import = 0
Number of asset objects unloaded after import = 0
========================================================================
Received Import Request.
  Time since last request: 2.275039 seconds.
  path: Assets/Stylized-Water-Shader-Unity-URP-main/Runtime/Library/Subgraphs/Apply Waves.shadersubgraph
  artifactKey: Guid(9d87a56f390850d4ca13eeb0a08ceb85) Importer(815301076,1909f56bfc062723c751e8b465ee728b)
Start importing Assets/Stylized-Water-Shader-Unity-URP-main/Runtime/Library/Subgraphs/Apply Waves.shadersubgraph using Guid(9d87a56f390850d4ca13eeb0a08ceb85) Importer(815301076,1909f56bfc062723c751e8b465ee728b)  -> (artifact id: '9920f18069994c06b44a3073992870de') in 0.199753 seconds
Number of updated asset objects reloaded before import = 0
Number of asset objects unloaded after import = 1
========================================================================
Received Import Request.
  Time since last request: 0.000103 seconds.
  path: Assets/Stylized-Water-Shader-Unity-URP-main/Runtime/Library/Subgraphs/Opaque Distortion.shadersubgraph
  artifactKey: Guid(d9f3d09e9497b4f43858041438bbe08f) Importer(815301076,1909f56bfc062723c751e8b465ee728b)
Start importing Assets/Stylized-Water-Shader-Unity-URP-main/Runtime/Library/Subgraphs/Opaque Distortion.shadersubgraph using Guid(d9f3d09e9497b4f43858041438bbe08f) Importer(815301076,1909f56bfc062723c751e8b465ee728b)  -> (artifact id: '867ec98b70056197eff27bc55faf05ff') in 0.016539 seconds
Number of updated asset objects reloaded before import = 0
Number of asset objects unloaded after import = 1
========================================================================
Received Import Request.
  Time since last request: 0.000031 seconds.
  path: Assets/Stylized-Water-Shader-Unity-URP-main/Runtime/Library/Subgraphs/Cutout.shadersubgraph
  artifactKey: Guid(4d847295f30f0b84c97bb6a6e0035210) Importer(815301076,1909f56bfc062723c751e8b465ee728b)
Start importing Assets/Stylized-Water-Shader-Unity-URP-main/Runtime/Library/Subgraphs/Cutout.shadersubgraph using Guid(4d847295f30f0b84c97bb6a6e0035210) Importer(815301076,1909f56bfc062723c751e8b465ee728b)  -> (artifact id: 'ef16b0b4b23d75fc32f3130a245a6472') in 0.007791 seconds
Number of updated asset objects reloaded before import = 0
Number of asset objects unloaded after import = 1
========================================================================
Received Import Request.
  Time since last request: 0.456328 seconds.
  path: Assets/Stylized-Water-Shader-Unity-URP-main/Runtime/Library/HLSL/Color Conversion.hlsl
  artifactKey: Guid(c5b9892aa4fd1374086f4a9512f33291) Importer(815301076,1909f56bfc062723c751e8b465ee728b)
Start importing Assets/Stylized-Water-Shader-Unity-URP-main/Runtime/Library/HLSL/Color Conversion.hlsl using Guid(c5b9892aa4fd1374086f4a9512f33291) Importer(815301076,1909f56bfc062723c751e8b465ee728b)  -> (artifact id: '3b2929c4adca223cf06e2ef4a22ff33d') in 0.005238 seconds
Number of updated asset objects reloaded before import = 0
Number of asset objects unloaded after import = 1
========================================================================
Received Import Request.
  Time since last request: 2.415570 seconds.
  path: Assets/Stylized-Water-Shader-Unity-URP-main/Runtime/Library/Textures/Noise
  artifactKey: Guid(24b2a67886d3742469b1dffcb6dc1452) Importer(815301076,1909f56bfc062723c751e8b465ee728b)
Start importing Assets/Stylized-Water-Shader-Unity-URP-main/Runtime/Library/Textures/Noise using Guid(24b2a67886d3742469b1dffcb6dc1452) Importer(815301076,1909f56bfc062723c751e8b465ee728b)  -> (artifact id: '5e79b6675a8947b6bd43d99b64c46a0a') in 0.000869 seconds
Number of updated asset objects reloaded before import = 0
Number of asset objects unloaded after import = 0
========================================================================
Received Import Request.
  Time since last request: 0.052102 seconds.
  path: Assets/Stylized-Water-Shader-Unity-URP-main/Runtime/Library/Textures/Noise/Water Gradient Noise.png
  artifactKey: Guid(4c53192959588fb4c8d37cdf88a6572f) Importer(815301076,1909f56bfc062723c751e8b465ee728b)
Start importing Assets/Stylized-Water-Shader-Unity-URP-main/Runtime/Library/Textures/Noise/Water Gradient Noise.png using Guid(4c53192959588fb4c8d37cdf88a6572f) Importer(815301076,1909f56bfc062723c751e8b465ee728b)  -> (artifact id: 'ad665ecec819e441b577e0f3c2e4f402') in 0.408653 seconds
Number of updated asset objects reloaded before import = 0
Number of asset objects unloaded after import = 2
========================================================================
Received Import Request.
  Time since last request: 7.146260 seconds.
  path: Assets/Stylized-Water-Shader-Unity-URP-main/Runtime/Water.shadergraph
  artifactKey: Guid(2fa6de30c6c82a14f8a98f494ba7d25e) Importer(815301076,1909f56bfc062723c751e8b465ee728b)
Start importing Assets/Stylized-Water-Shader-Unity-URP-main/Runtime/Water.shadergraph using Guid(2fa6de30c6c82a14f8a98f494ba7d25e) Importer(815301076,1909f56bfc062723c751e8b465ee728b)  -> (artifact id: 'c1e34e79f9dca5e3c80d9812e85678f0') in 2.983563 seconds
Number of updated asset objects reloaded before import = 0
Number of asset objects unloaded after import = 22
========================================================================
Received Prepare
Begin MonoManager ReloadAssembly
- Loaded All Assemblies, in 44.645 seconds
Refreshing native plugins compatible for Editor in 6.67 ms, found 3 plugins.
Native extension for WindowsStandalone target not found
Native extension for Android target not found
[Package Manager] Server::EnsureServerProcessIsRunning -- launch failed, reason: Unity was launched with the -noUpm command-line argument
[Package Manager] UpmClient::Send -- Unable to send message (not connected to UPM process).
[Package Manager] Cannot connect to Unity Package Manager local server
Mono: successfully reloaded assembly
- Finished resetting the current domain, in 100.608 seconds
Domain Reload Profiling: 145289ms
	BeginReloadAssembly (5447ms)
		ExecutionOrderSort (0ms)
		DisableScriptedObjects (61ms)
		BackupInstance (0ms)
		ReleaseScriptingObjects (2ms)
		CreateAndSetChildDomain (499ms)
	RebuildCommonClasses (97ms)
	RebuildNativeTypeToScriptingClass (22ms)
	initialDomainReloadingComplete (71ms)
	LoadAllAssembliesAndSetupDomain (39015ms)
		LoadAssemblies (43713ms)
		RebuildTransferFunctionScriptingTraits (0ms)
		AnalyzeDomain (67ms)
			TypeCache.Refresh (30ms)
				TypeCache.ScanAssembly (0ms)
			ScanForSourceGeneratedMonoScriptInfo (0ms)
			ResolveRequiredComponents (36ms)
	FinalizeReload (100638ms)
		ReleaseScriptCaches (0ms)
		RebuildScriptCaches (0ms)
		SetupLoadedEditorAssemblies (5400ms)
			LogAssemblyErrors (0ms)
			InitializePlatformSupportModulesInManaged (341ms)
			SetLoadedEditorAssemblies (245ms)
			RefreshPlugins (0ms)
			BeforeProcessingInitializeOnLoad (2632ms)
			ProcessInitializeOnLoadAttributes (2047ms)
			ProcessInitializeOnLoadMethodAttributes (130ms)
			AfterProcessingInitializeOnLoad (5ms)
			EditorAssembliesLoaded (1ms)
		ExecutionOrderSort2 (0ms)
		AwakeInstancesAfterBackupRestoration (152ms)
Could not allocate 8192 bytes
Crash!!!
SymInit: Symbol-SearchPath: 'D:/Unity/Unity 2022.3.9f1/Editor/Data/Mono;.;D:\GitProjects\GGJ2024\GGJ 2024;D:\GitProjects\GGJ2024\GGJ 2024\Library\BurstCache\JIT;D:\Unity\Unity 2022.3.9f1\Editor;C:\WINDOWS;C:\WINDOWS\system32;', symOptions: 534, UserName: 'Daniil'
OS-Version: 10.0.0
D:\Unity\Unity 2022.3.9f1\Editor\Unity.exe:Unity.exe (00007FF77D5E0000), size: 82272256 (result: 0), SymType: '-deferred-', PDB: '', fileVersion: 2022.3.9.16412
C:\WINDOWS\SYSTEM32\ntdll.dll:ntdll.dll (00007FF99AAB0000), size: 2064384 (result: 8), SymType: '-unknown-', PDB: '', fileVersion: 10.0.19041.3636
C:\Program Files\AVAST Software\Avast\aswhook.dll:aswhook.dll (00007FF962E40000), size: 102400 (result: 8), SymType: '-unknown-', PDB: '', fileVersion: 23.12.8700.0
C:\WINDOWS\System32\KERNEL32.DLL:KERNEL32.DLL (00007FF99A950000), size: 774144 (result: 0), SymType: '-deferred-', PDB: '', fileVersion: 10.0.19041.3636
C:\WINDOWS\System32\KERNELBASE.dll:KERNELBASE.dll (00007FF998310000), size: 3104768 (result: 0), SymType: '-deferred-', PDB: '', fileVersion: 10.0.19041.3930
C:\WINDOWS\System32\CRYPT32.dll:CRYPT32.dll (00007FF9989A0000), size: 1429504 (result: 0), SymType: '-deferred-', PDB: '', fileVersion: 10.0.19041.3636
C:\WINDOWS\System32\ucrtbase.dll:ucrtbase.dll (00007FF998690000), size: 1048576 (result: 0), SymType: '-deferred-', PDB: '', fileVersion: 10.0.19041.3636
C:\WINDOWS\System32\USER32.dll:USER32.dll (00007FF9992B0000), size: 1695744 (result: 0), SymType: '-deferred-', PDB: '', fileVersion: 10.0.19041.3636
C:\WINDOWS\System32\win32u.dll:win32u.dll (00007FF998790000), size: 139264 (result: 0), SymType: '-deferred-', PDB: '', fileVersion: 10.0.19041.3930
D:\Unity\Unity 2022.3.9f1\Editor\libfbxsdk.dll:libfbxsdk.dll (00007FF929A70000), size: 10067968 (result: 0), SymType: '-deferred-', PDB: '', fileVersion: 2020.3.3.0
D:\Unity\Unity 2022.3.9f1\Editor\s3tcompress.dll:s3tcompress.dll (00007FF993BD0000), size: 180224 (result: 0), SymType: '-deferred-', PDB: ''
D:\Unity\Unity 2022.3.9f1\Editor\etccompress.dll:etccompress.dll (00007FF92A410000), size: 5066752 (result: 8), SymType: '-unknown-', PDB: ''
C:\WINDOWS\System32\GDI32.dll:GDI32.dll (00007FF99A0B0000), size: 180224 (result: 0), SymType: '-deferred-', PDB: '', fileVersion: 10.0.19041.3636
D:\Unity\Unity 2022.3.9f1\Editor\ispc_texcomp.dll:ispc_texcomp.dll (00007FF957570000), size: 1826816 (result: 0), SymType: '-deferred-', PDB: ''
D:\Unity\Unity 2022.3.9f1\Editor\compress_bc7e.dll:compress_bc7e.dll (00007FF957410000), size: 1433600 (result: 0), SymType: '-deferred-', PDB: ''
C:\WINDOWS\System32\gdi32full.dll:gdi32full.dll (00007FF998180000), size: 1155072 (result: 0), SymType: '-deferred-', PDB: '', fileVersion: 10.0.19041.3758
D:\Unity\Unity 2022.3.9f1\Editor\FreeImage.dll:FreeImage.dll (0000000180000000), size: 6582272 (result: 0), SymType: '-deferred-', PDB: '', fileVersion: 3.18.0.0
D:\Unity\Unity 2022.3.9f1\Editor\WinPixEventRuntime.dll:WinPixEventRuntime.dll (00007FF991A20000), size: 45056 (result: 0), SymType: '-deferred-', PDB: '', fileVersion: 1.0.1812.6001
C:\WINDOWS\System32\msvcp_win.dll:msvcp_win.dll (00007FF9987C0000), size: 643072 (result: 0), SymType: '-deferred-', PDB: '', fileVersion: 10.0.19041.3636
C:\WINDOWS\System32\ADVAPI32.dll:ADVAPI32.dll (00007FF99A140000), size: 733184 (result: 0), SymType: '-deferred-', PDB: '', fileVersion: 10.0.19041.3930
C:\WINDOWS\System32\msvcrt.dll:msvcrt.dll (00007FF998B00000), size: 647168 (result: 8), SymType: '-unknown-', PDB: '', fileVersion: 7.0.19041.3636
C:\WINDOWS\System32\sechost.dll:sechost.dll (00007FF99A450000), size: 651264 (result: 8), SymType: '-unknown-', PDB: '', fileVersion: 10.0.19041.3930
C:\WINDOWS\System32\WS2_32.dll:WS2_32.dll (00007FF99A8E0000), size: 438272 (result: 8), SymType: '-unknown-', PDB: '', fileVersion: 10.0.19041.3636
D:\Unity\Unity 2022.3.9f1\Editor\umbraoptimizer64.dll:umbraoptimizer64.dll (00007FF929940000), size: 1187840 (result: 8), SymType: '-unknown-', PDB: ''
C:\WINDOWS\System32\RPCRT4.dll:RPCRT4.dll (00007FF99A200000), size: 1204224 (result: 8), SymType: '-unknown-', PDB: '', fileVersion: 10.0.19041.3758
C:\WINDOWS\System32\bcrypt.dll:bcrypt.dll (00007FF998610000), size: 159744 (result: 8), SymType: '-unknown-', PDB: '', fileVersion: 10.0.19041.3636
C:\WINDOWS\System32\SHELL32.dll:SHELL32.dll (00007FF999450000), size: 7622656 (result: 8), SymType: '-unknown-', PDB: '', fileVersion: 10.0.19041.3930
C:\WINDOWS\System32\SHLWAPI.dll:SHLWAPI.dll (00007FF999250000), size: 348160 (result: 8), SymType: '-unknown-', PDB: '', fileVersion: 10.0.19041.3636
C:\WINDOWS\SYSTEM32\VCRUNTIME140.dll:VCRUNTIME140.dll (00007FF970020000), size: 110592 (result: 8), SymType: '-unknown-', PDB: '', fileVersion: 14.36.32532.0
C:\WINDOWS\SYSTEM32\MSVCP140.dll:MSVCP140.dll (00007FF970050000), size: 581632 (result: 8), SymType: '-unknown-', PDB: '', fileVersion: 14.36.32532.0
C:\WINDOWS\System32\ole32.dll:ole32.dll (00007FF999E00000), size: 1224704 (result: 8), SymType: '-unknown-', PDB: '', fileVersion: 10.0.19041.3636
C:\WINDOWS\System32\combase.dll:combase.dll (00007FF99A4F0000), size: 3489792 (result: 8), SymType: '-unknown-', PDB: '', fileVersion: 10.0.19041.3636
C:\WINDOWS\System32\IMM32.dll:IMM32.dll (00007FF999BA0000), size: 196608 (result: 8), SymType: '-unknown-', PDB: '', fileVersion: 10.0.19041.3636
C:\WINDOWS\SYSTEM32\VCRUNTIME140_1.dll:VCRUNTIME140_1.dll (00007FF970040000), size: 49152 (result: 8), SymType: '-unknown-', PDB: '', fileVersion: 14.36.32532.0
C:\WINDOWS\System32\SETUPAPI.dll:SETUPAPI.dll (00007FF998CF0000), size: 4644864 (result: 8), SymType: '-unknown-', PDB: '', fileVersion: 10.0.19041.3636
C:\WINDOWS\System32\cfgmgr32.dll:cfgmgr32.dll (00007FF998640000), size: 319488 (result: 8), SymType: '-unknown-', PDB: '', fileVersion: 10.0.19041.3636
C:\WINDOWS\SYSTEM32\OPENGL32.dll:OPENGL32.dll (00007FF929810000), size: 1200128 (result: 8), SymType: '-unknown-', PDB: '', fileVersion: 10.0.19041.3636
C:\WINDOWS\SYSTEM32\IPHLPAPI.DLL:IPHLPAPI.DLL (00007FF9975B0000), size: 241664 (result: 8), SymType: '-unknown-', PDB: '', fileVersion: 10.0.19041.3636
C:\WINDOWS\SYSTEM32\GLU32.dll:GLU32.dll (00007FF9919F0000), size: 180224 (result: 8), SymType: '-unknown-', PDB: '', fileVersion: 10.0.19041.3636
C:\WINDOWS\System32\OLEAUT32.dll:OLEAUT32.dll (00007FF999FE0000), size: 839680 (result: 8), SymType: '-unknown-', PDB: '', fileVersion: 10.0.19041.3636
C:\WINDOWS\System32\WINTRUST.dll:WINTRUST.dll (00007FF9982A0000), size: 421888 (result: 8), SymType: '-unknown-', PDB: '', fileVersion: 10.0.19041.3930
C:\WINDOWS\SYSTEM32\WINHTTP.dll:WINHTTP.dll (00007FF98EB00000), size: 1089536 (result: 8), SymType: '-unknown-', PDB: '', fileVersion: 10.0.19041.3636
C:\WINDOWS\SYSTEM32\WINMM.dll:WINMM.dll (00007FF98E350000), size: 159744 (result: 8), SymType: '-unknown-', PDB: '', fileVersion: 10.0.19041.3636
C:\WINDOWS\SYSTEM32\HID.DLL:HID.DLL (00007FF9969D0000), size: 53248 (result: 8), SymType: '-unknown-', PDB: '', fileVersion: 10.0.19041.3636
C:\WINDOWS\SYSTEM32\dwmapi.dll:dwmapi.dll (00007FF995960000), size: 192512 (result: 8), SymType: '-unknown-', PDB: '', fileVersion: 10.0.19041.3636
D:\Unity\Unity 2022.3.9f1\Editor\SketchUpAPI.dll:SketchUpAPI.dll (00007FF925640000), size: 8990720 (result: 8), SymType: '-unknown-', PDB: '', fileVersion: 23.0.0.0
C:\WINDOWS\SYSTEM32\VERSION.dll:VERSION.dll (00007FF9919D0000), size: 40960 (result: 8), SymType: '-unknown-', PDB: '', fileVersion: 10.0.19041.3636
C:\WINDOWS\SYSTEM32\WSOCK32.dll:WSOCK32.dll (00007FF995FB0000), size: 36864 (result: 8), SymType: '-unknown-', PDB: '', fileVersion: 10.0.19041.1
D:\Unity\Unity 2022.3.9f1\Editor\SketchUpCommonPreferences.dll:SketchUpCommonPreferences.dll (00007FF971810000), size: 499712 (result: 8), SymType: '-unknown-', PDB: '', fileVersion: 23.0.0.0
C:\WINDOWS\SYSTEM32\Secur32.dll:Secur32.dll (00007FF97DFD0000), size: 49152 (result: 0), SymType: '-deferred-', PDB: '', fileVersion: 10.0.19041.3636
C:\WINDOWS\SYSTEM32\SSPICLI.DLL:SSPICLI.DLL (00007FF998060000), size: 204800 (result: 8), SymType: '-unknown-', PDB: '', fileVersion: 10.0.19041.3636
D:\Unity\Unity 2022.3.9f1\Editor\OpenRL.dll:OpenRL.dll (000002A66AC90000), size: 12779520 (result: 8), SymType: '-unknown-', PDB: '', fileVersion: 1.5.0.2907
D:\Unity\Unity 2022.3.9f1\Editor\embree.dll:embree.dll (00007FF924650000), size: 16711680 (result: 8), SymType: '-unknown-', PDB: '', fileVersion: 2.14.0.0
C:\WINDOWS\SYSTEM32\MSVCP100.dll:MSVCP100.dll (0000000062FB0000), size: 622592 (result: 8), SymType: '-unknown-', PDB: '', fileVersion: 10.0.40219.473
C:\WINDOWS\SYSTEM32\MSVCR100.dll:MSVCR100.dll (0000000062ED0000), size: 860160 (result: 8), SymType: '-unknown-', PDB: '', fileVersion: 10.0.40219.473
C:\WINDOWS\SYSTEM32\MSWSOCK.DLL:MSWSOCK.DLL (00007FF997910000), size: 434176 (result: 8), SymType: '-unknown-', PDB: '', fileVersion: 10.0.19041.3636
D:\Unity\Unity 2022.3.9f1\Editor\tbb.dll:tbb.dll (00007FF971930000), size: 413696 (result: 8), SymType: '-unknown-', PDB: '', fileVersion: 2017.0.2016.1004
C:\WINDOWS\SYSTEM32\MSVCR120.dll:MSVCR120.dll (00007FF98E9F0000), size: 978944 (result: 8), SymType: '-unknown-', PDB: '', fileVersion: 12.0.21005.1
C:\WINDOWS\SYSTEM32\MSVCP120.dll:MSVCP120.dll (00007FF98C500000), size: 679936 (result: 8), SymType: '-unknown-', PDB: '', fileVersion: 12.0.21005.1
D:\Unity\Unity 2022.3.9f1\Editor\OpenRL_pthread.dll:OpenRL_pthread.dll (000002A66AB60000), size: 61440 (result: 8), SymType: '-unknown-', PDB: '', fileVersion: 2.9.0.0
C:\WINDOWS\SYSTEM32\MSASN1.dll:MSASN1.dll (00007FF997D40000), size: 73728 (result: 8), SymType: '-unknown-', PDB: '', fileVersion: 10.0.19041.3636
C:\WINDOWS\System32\bcryptprimitives.dll:bcryptprimitives.dll (00007FF998860000), size: 532480 (result: 8), SymType: '-unknown-', PDB: '', fileVersion: 10.0.19041.3636
C:\WINDOWS\SYSTEM32\kernel.appcore.dll:kernel.appcore.dll (00007FF996210000), size: 73728 (result: 8), SymType: '-unknown-', PDB: '', fileVersion: 10.0.19041.3758
C:\WINDOWS\system32\uxtheme.dll:uxtheme.dll (00007FF995760000), size: 647168 (result: 8), SymType: '-unknown-', PDB: '', fileVersion: 10.0.19041.3930
C:\WINDOWS\SYSTEM32\windows.storage.dll:windows.storage.dll (00007FF996230000), size: 7974912 (result: 8), SymType: '-unknown-', PDB: '', fileVersion: 10.0.19041.3758
C:\WINDOWS\SYSTEM32\Wldp.dll:Wldp.dll (00007FF997BB0000), size: 184320 (result: 8), SymType: '-unknown-', PDB: '', fileVersion: 10.0.19041.3636
C:\WINDOWS\System32\SHCORE.dll:SHCORE.dll (00007FF998C30000), size: 708608 (result: 8), SymType: '-unknown-', PDB: '', fileVersion: 10.0.19041.3636
C:\WINDOWS\SYSTEM32\profapi.dll:profapi.dll (00007FF9980B0000), size: 151552 (result: 8), SymType: '-unknown-', PDB: '', fileVersion: 10.0.19041.3636
C:\WINDOWS\system32\IconCodecService.dll:IconCodecService.dll (00007FF963290000), size: 36864 (result: 8), SymType: '-unknown-', PDB: '', fileVersion: 10.0.19041.1
C:\WINDOWS\SYSTEM32\WindowsCodecs.dll:WindowsCodecs.dll (00007FF991E80000), size: 1785856 (result: 8), SymType: '-unknown-', PDB: '', fileVersion: 10.0.19041.3636
C:\WINDOWS\System32\clbcatq.dll:clbcatq.dll (00007FF999F30000), size: 692224 (result: 8), SymType: '-unknown-', PDB: '', fileVersion: 2001.12.10941.16384
C:\WINDOWS\System32\netprofm.dll:netprofm.dll (00007FF9936B0000), size: 258048 (result: 8), SymType: '-unknown-', PDB: '', fileVersion: 10.0.19041.3636
C:\WINDOWS\System32\npmproxy.dll:npmproxy.dll (00007FF98C460000), size: 65536 (result: 8), SymType: '-unknown-', PDB: '', fileVersion: 10.0.19041.3636
C:\WINDOWS\System32\NSI.dll:NSI.dll (00007FF998CE0000), size: 32768 (result: 8), SymType: '-unknown-', PDB: '', fileVersion: 10.0.19041.3636
C:\WINDOWS\SYSTEM32\dhcpcsvc6.DLL:dhcpcsvc6.DLL (00007FF990A70000), size: 94208 (result: 8), SymType: '-unknown-', PDB: '', fileVersion: 10.0.19041.3636
C:\WINDOWS\SYSTEM32\dhcpcsvc.DLL:dhcpcsvc.DLL (00007FF990960000), size: 118784 (result: 8), SymType: '-unknown-', PDB: ''
C:\WINDOWS\SYSTEM32\DNSAPI.dll:DNSAPI.dll (00007FF997600000), size: 827392 (result: 8), SymType: '-unknown-', PDB: ''
C:\WINDOWS\system32\napinsp.dll:napinsp.dll (00007FF973B90000), size: 94208 (result: 8), SymType: '-unknown-', PDB: ''
C:\WINDOWS\system32\pnrpnsp.dll:pnrpnsp.dll (00007FF973BB0000), size: 110592 (result: 8), SymType: '-unknown-', PDB: ''
C:\WINDOWS\system32\wshbth.dll:wshbth.dll (00007FF978660000), size: 86016 (result: 8), SymType: '-unknown-', PDB: ''
C:\WINDOWS\system32\NLAapi.dll:NLAapi.dll (00007FF993750000), size: 118784 (result: 8), SymType: '-unknown-', PDB: ''
C:\WINDOWS\System32\winrnr.dll:winrnr.dll (00007FF973BD0000), size: 73728 (result: 8), SymType: '-unknown-', PDB: ''
C:\WINDOWS\System32\fwpuclnt.dll:fwpuclnt.dll (00007FF986D10000), size: 524288 (result: 8), SymType: '-unknown-', PDB: '', fileVersion: 10.0.19041.3758
C:\Windows\System32\rasadhlp.dll:rasadhlp.dll (00007FF98C470000), size: 40960 (result: 8), SymType: '-unknown-', PDB: ''
D:\Unity\Unity 2022.3.9f1\Editor\NVUnityPlugin.DLL:NVUnityPlugin.DLL (00007FF92A990000), size: 1519616 (result: 8), SymType: '-unknown-', PDB: ''
D:\Unity\Unity 2022.3.9f1\Editor\Data\Tools\astcenc-avx2.dll:astcenc-avx2.dll (00007FF9715E0000), size: 540672 (result: 8), SymType: '-unknown-', PDB: ''
C:\WINDOWS\SYSTEM32\d3d11.dll:d3d11.dll (00007FF993E00000), size: 2502656 (result: 8), SymType: '-unknown-', PDB: '', fileVersion: 10.0.19041.3636
C:\WINDOWS\SYSTEM32\dxgi.dll:dxgi.dll (00007FF996A30000), size: 995328 (result: 8), SymType: '-unknown-', PDB: '', fileVersion: 10.0.19041.3636
C:\WINDOWS\System32\DriverStore\FileRepository\nvami.inf_amd64_aee6a21f1b6dbf19\nvldumdx.dll:nvldumdx.dll (00007FF98F6D0000), size: 770048 (result: 8), SymType: '-unknown-', PDB: '', fileVersion: 31.0.15.4629
C:\WINDOWS\SYSTEM32\cryptnet.dll:cryptnet.dll (00007FF98F670000), size: 200704 (result: 8), SymType: '-unknown-', PDB: '', fileVersion: 10.0.19041.3636
C:\WINDOWS\SYSTEM32\drvstore.dll:drvstore.dll (00007FF98EED0000), size: 1343488 (result: 8), SymType: '-unknown-', PDB: '', fileVersion: 10.0.19041.3636
C:\WINDOWS\SYSTEM32\devobj.dll:devobj.dll (00007FF997F10000), size: 208896 (result: 8), SymType: '-unknown-', PDB: '', fileVersion: 10.0.19041.3636
C:\WINDOWS\SYSTEM32\cryptbase.dll:cryptbase.dll (00007FF997B00000), size: 49152 (result: 8), SymType: '-unknown-', PDB: '', fileVersion: 10.0.19041.3636
C:\WINDOWS\System32\imagehlp.dll:imagehlp.dll (00007FF999D80000), size: 118784 (result: 8), SymType: '-unknown-', PDB: '', fileVersion: 10.0.19041.3636
C:\WINDOWS\SYSTEM32\CRYPTSP.dll:CRYPTSP.dll (00007FF997B10000), size: 98304 (result: 8), SymType: '-unknown-', PDB: '', fileVersion: 10.0.19041.3636
C:\WINDOWS\system32\rsaenh.dll:rsaenh.dll (00007FF9971D0000), size: 212992 (result: 8), SymType: '-unknown-', PDB: '', fileVersion: 10.0.19041.3636
C:\WINDOWS\System32\DriverStore\FileRepository\nvami.inf_amd64_aee6a21f1b6dbf19\nvgpucomp64.dll:nvgpucomp64.dll (00007FF989DD0000), size: 35577856 (result: 8), SymType: '-unknown-', PDB: '', fileVersion: 31.0.15.4629
C:\WINDOWS\System32\DriverStore\FileRepository\nvami.inf_amd64_aee6a21f1b6dbf19\nvwgf2umx.dll:nvwgf2umx.dll (00007FF981280000), size: 88150016 (result: 8), SymType: '-unknown-', PDB: '', fileVersion: 31.0.15.4629
C:\WINDOWS\SYSTEM32\powrprof.dll:powrprof.dll (00007FF9976D0000), size: 307200 (result: 8), SymType: '-unknown-', PDB: '', fileVersion: 10.0.19041.3636
C:\WINDOWS\SYSTEM32\UMPDC.dll:UMPDC.dll (00007FF997590000), size: 73728 (result: 8), SymType: '-unknown-', PDB: ''
C:\WINDOWS\system32\nvspcap64.dll:nvspcap64.dll (00007FF92DD50000), size: 2953216 (result: 8), SymType: '-unknown-', PDB: '', fileVersion: 3.27.0.120
C:\WINDOWS\SYSTEM32\ntmarta.dll:ntmarta.dll (00007FF9972F0000), size: 208896 (result: 8), SymType: '-unknown-', PDB: '', fileVersion: 10.0.19041.3636
C:\WINDOWS\System32\DriverStore\FileRepository\nvami.inf_amd64_aee6a21f1b6dbf19\Display.NvContainer\MessageBus.dll:MessageBus.dll (00007FF9801E0000), size: 7565312 (result: 8), SymType: '-unknown-', PDB: '', fileVersion: 1.22.2758.1620
C:\WINDOWS\SYSTEM32\dxcore.dll:dxcore.dll (00007FF98F8F0000), size: 241664 (result: 8), SymType: '-unknown-', PDB: '', fileVersion: 10.0.19041.3636
C:\WINDOWS\system32\wbem\wbemprox.dll:wbemprox.dll (00007FF986BF0000), size: 69632 (result: 8), SymType: '-unknown-', PDB: '', fileVersion: 10.0.19041.3758
C:\WINDOWS\SYSTEM32\wbemcomn.dll:wbemcomn.dll (00007FF986B60000), size: 589824 (result: 8), SymType: '-unknown-', PDB: '', fileVersion: 10.0.19041.3636
C:\WINDOWS\system32\wbem\wbemsvc.dll:wbemsvc.dll (00007FF98E790000), size: 81920 (result: 8), SymType: '-unknown-', PDB: '', fileVersion: 10.0.19041.3758
C:\WINDOWS\system32\wbem\fastprox.dll:fastprox.dll (00007FF98E7B0000), size: 1093632 (result: 8), SymType: '-unknown-', PDB: '', fileVersion: 10.0.19041.3636
C:\WINDOWS\SYSTEM32\amsi.dll:amsi.dll (00007FF98E600000), size: 126976 (result: 8), SymType: '-unknown-', PDB: '', fileVersion: 10.0.19041.3636
C:\WINDOWS\SYSTEM32\USERENV.dll:USERENV.dll (00007FF998030000), size: 188416 (result: 8), SymType: '-unknown-', PDB: '', fileVersion: 10.0.19041.3636
C:\Program Files\AVAST Software\Avast\aswAMSI.dll:aswAMSI.dll (00007FF98E510000), size: 954368 (result: 8), SymType: '-unknown-', PDB: '', fileVersion: 23.12.8700.0
D:\Unity\Unity 2022.3.9f1\Editor\cudart64_90.dll:cudart64_90.dll (00007FF958070000), size: 397312 (result: 8), SymType: '-unknown-', PDB: '', fileVersion: 6.14.11.9000
C:\WINDOWS\SYSTEM32\opencl.dll:opencl.dll (00007FF929350000), size: 1490944 (result: 8), SymType: '-unknown-', PDB: '', fileVersion: 3.0.3.0
D:\Unity\Unity 2022.3.9f1\Editor\radeonrays.dll:radeonrays.dll (00007FF9572D0000), size: 557056 (result: 8), SymType: '-unknown-', PDB: ''
D:\Unity\Unity 2022.3.9f1\Editor\Data\MonoBleedingEdge\EmbedRuntime\mono-2.0-bdwgc.dll:mono-2.0-bdwgc.dll (00007FF91E8E0000), size: 10682368 (result: 8), SymType: '-unknown-', PDB: ''
C:\WINDOWS\SYSTEM32\dbghelp.dll:dbghelp.dll (00007FF995D60000), size: 1982464 (result: 8), SymType: '-unknown-', PDB: '', fileVersion: 10.0.19041.3636

========== OUTPUTTING STACK TRACE ==================

SymInit: Symbol-SearchPath: 'D:/Unity/Unity 2022.3.9f1/Editor/Data/Mono;.;D:\GitProjects\GGJ2024\GGJ 2024;D:\GitProjects\GGJ2024\GGJ 2024\Library\BurstCache\JIT;D:\Unity\Unity 2022.3.9f1\Editor;C:\WINDOWS;C:\WINDOWS\system32;', symOptions: 534, UserName: 'Daniil'
OS-Version: 10.0.0
  ERROR: SymGetSymFromAddr64, GetLastError: '    .' (Address: 00007FF99833CF19)
0x00007FF99833CF19 (KERNELBASE) (function-name not available)
  ERROR: SymGetSymFromAddr64, GetLastError: '   .' (Address: 00007FF91E95064C)
  ERROR: SymGetModuleInfo64, GetLastError: '        (DLL).' (Address: 00007FF91E95064C)
0x00007FF91E95064C ((<unknown>)) (function-name not available)
  ERROR: SymGetSymFromAddr64, GetLastError: '   .' (Address: 00007FF91E93C4A2)
  ERROR: SymGetModuleInfo64, GetLastError: '        (DLL).' (Address: 00007FF91E93C4A2)
0x00007FF91E93C4A2 ((<unknown>)) (function-name not available)
  ERROR: SymGetSymFromAddr64, GetLastError: '   .' (Address: 00007FF91E93C508)
  ERROR: SymGetModuleInfo64, GetLastError: '        (DLL).' (Address: 00007FF91E93C508)
0x00007FF91E93C508 ((<unknown>)) (function-name not available)
  ERROR: SymGetSymFromAddr64, GetLastError: '   .' (Address: 00007FF91EA56D53)
  ERROR: SymGetModuleInfo64, GetLastError: '        (DLL).' (Address: 00007FF91EA56D53)
0x00007FF91EA56D53 ((<unknown>)) (function-name not available)
  ERROR: SymGetSymFromAddr64, GetLastError: '   .' (Address: 00007FF91EA25025)
  ERROR: SymGetModuleInfo64, GetLastError: '        (DLL).' (Address: 00007FF91EA25025)
0x00007FF91EA25025 ((<unknown>)) (function-name not available)
  ERROR: SymGetSymFromAddr64, GetLastError: '   .' (Address: 00007FF91E9A495F)
  ERROR: SymGetModuleInfo64, GetLastError: '        (DLL).' (Address: 00007FF91E9A495F)
0x00007FF91E9A495F ((<unknown>)) (function-name not available)
  ERROR: SymGetSymFromAddr64, GetLastError: '   .' (Address: 00007FF91E99B4E4)
  ERROR: SymGetModuleInfo64, GetLastError: '        (DLL).' (Address: 00007FF91E99B4E4)
0x00007FF91E99B4E4 ((<unknown>)) (function-name not available)
  ERROR: SymGetSymFromAddr64, GetLastError: '   .' (Address: 00007FF91EB48F33)
  ERROR: SymGetModuleInfo64, GetLastError: '        (DLL).' (Address: 00007FF91EB48F33)
0x00007FF91EB48F33 ((<unknown>)) (function-name not available)
  ERROR: SymGetSymFromAddr64, GetLastError: '    .' (Address: 00007FF77E6CA4F1)
0x00007FF77E6CA4F1 (Unity) (function-name not available)
  ERROR: SymGetSymFromAddr64, GetLastError: '    .' (Address: 00007FF77E66C1C2)
0x00007FF77E66C1C2 (Unity) (function-name not available)
  ERROR: SymGetSymFromAddr64, GetLastError: '    .' (Address: 00007FF77FB32401)
0x00007FF77FB32401 (Unity) (function-name not available)
  ERROR: SymGetSymFromAddr64, GetLastError: '    .' (Address: 00007FF77FB6BEA2)
0x00007FF77FB6BEA2 (Unity) (function-name not available)
  ERROR: SymGetSymFromAddr64, GetLastError: '    .' (Address: 00007FF77FB57E4E)
0x00007FF77FB57E4E (Unity) (function-name not available)
  ERROR: SymGetSymFromAddr64, GetLastError: '    .' (Address: 00007FF77FB59AB4)
0x00007FF77FB59AB4 (Unity) (function-name not available)
  ERROR: SymGetSymFromAddr64, GetLastError: '    .' (Address: 00007FF77FB6A24C)
0x00007FF77FB6A24C (Unity) (function-name not available)
  ERROR: SymGetSymFromAddr64, GetLastError: '    .' (Address: 00007FF77FB3EA0F)
0x00007FF77FB3EA0F (Unity) (function-name not available)
  ERROR: SymGetSymFromAddr64, GetLastError: '    .' (Address: 00007FF77FB095C7)
0x00007FF77FB095C7 (Unity) (function-name not available)
  ERROR: SymGetSymFromAddr64, GetLastError: '    .' (Address: 00007FF77FB0964B)
0x00007FF77FB0964B (Unity) (function-name not available)
  ERROR: SymGetSymFromAddr64, GetLastError: '    .' (Address: 00007FF77F30B310)
0x00007FF77F30B310 (Unity) (function-name not available)
  ERROR: SymGetSymFromAddr64, GetLastError: '    .' (Address: 00007FF77F7939E5)
0x00007FF77F7939E5 (Unity) (function-name not available)
  ERROR: SymGetSymFromAddr64, GetLastError: '    .' (Address: 00007FF780B77FEE)
0x00007FF780B77FEE (Unity) (function-name not available)
  ERROR: SymGetSymFromAddr64, GetLastError: '    .' (Address: 00007FF99A967344)
0x00007FF99A967344 (KERNEL32) (function-name not available)
  ERROR: SymGetSymFromAddr64, GetLastError: '   .' (Address: 00007FF99AB026B1)
  ERROR: SymGetModuleInfo64, GetLastError: '        (DLL).' (Address: 00007FF99AB026B1)
0x00007FF99AB026B1 ((<unknown>)) (function-name not available)

========== END OF STACKTRACE ===========

A crash has been intercepted by the crash handler. For call stack and other details, see the latest crash report generated in:
 * C:/Users/Alex/AppData/Local/Temp/Unity/Editor/Crashes
